{"contracts/dodo.sol":{"l":{"37":11,"38":10,"40":10,"41":10,"42":10,"43":10,"44":10,"46":10,"47":10,"48":10,"49":10,"51":10,"52":10,"53":10,"54":10,"56":10,"57":10,"59":10},"path":"/Users/leimingda/Documents/dodo/contracts/dodo.sol","s":{"1":11,"2":10,"3":10,"4":10,"5":10,"6":10,"7":10,"8":10,"9":10,"10":10,"11":10,"12":10,"13":10,"14":10,"15":10,"16":10,"17":10,"18":10},"b":{"1":[10,1]},"f":{"1":11},"fnMap":{"1":{"name":"init","line":36,"loc":{"start":{"line":26,"column":4},"end":{"line":60,"column":4}}}},"statementMap":{"1":{"start":{"line":37,"column":8},"end":{"line":37,"column":58}},"2":{"start":{"line":38,"column":8},"end":{"line":38,"column":27}},"3":{"start":{"line":40,"column":8},"end":{"line":40,"column":32}},"4":{"start":{"line":41,"column":8},"end":{"line":41,"column":32}},"5":{"start":{"line":42,"column":8},"end":{"line":42,"column":31}},"6":{"start":{"line":43,"column":8},"end":{"line":43,"column":33}},"7":{"start":{"line":44,"column":8},"end":{"line":44,"column":24}},"8":{"start":{"line":46,"column":8},"end":{"line":46,"column":36}},"9":{"start":{"line":47,"column":8},"end":{"line":47,"column":37}},"10":{"start":{"line":48,"column":8},"end":{"line":48,"column":29}},"11":{"start":{"line":49,"column":8},"end":{"line":49,"column":40}},"12":{"start":{"line":51,"column":8},"end":{"line":51,"column":32}},"13":{"start":{"line":52,"column":8},"end":{"line":52,"column":32}},"14":{"start":{"line":53,"column":8},"end":{"line":53,"column":14}},"15":{"start":{"line":54,"column":8},"end":{"line":54,"column":37}},"16":{"start":{"line":56,"column":8},"end":{"line":56,"column":56}},"17":{"start":{"line":57,"column":8},"end":{"line":57,"column":57}},"18":{"start":{"line":59,"column":8},"end":{"line":59,"column":29}}},"branchMap":{"1":{"line":37,"type":"if","locations":[{"start":{"line":37,"column":8},"end":{"line":37,"column":8}},{"start":{"line":37,"column":8},"end":{"line":37,"column":8}}]}}},"contracts/DODOEthProxy.sol":{"l":{"52":1,"53":1,"57":0,"61":1,"69":2,"70":1,"71":1,"72":1,"73":1,"74":1,"75":1,"76":1,"77":1,"78":1,"86":1,"87":1,"88":1,"89":1,"90":1,"91":1,"92":1,"93":1,"94":1,"95":1,"103":4,"104":3,"105":3,"106":3,"107":3,"108":3,"118":1,"126":1},"path":"/Users/leimingda/Documents/dodo/contracts/DODOEthProxy.sol","s":{"1":1,"2":1,"3":0,"4":2,"5":1,"6":1,"7":1,"8":1,"9":1,"10":1,"11":1,"12":1,"13":1,"14":1,"15":1,"16":1,"17":1,"18":1,"19":1,"20":1,"21":1,"22":1,"23":1,"24":4,"25":3,"26":3,"27":3,"28":3,"29":3,"30":1,"31":1},"b":{"1":[0,0],"2":[1,0],"3":[1,1],"4":[1,0],"5":[1,0],"6":[3,1]},"f":{"1":1,"2":0,"3":2,"4":1,"5":4,"6":1,"7":1},"fnMap":{"1":{"name":"constructor","line":51,"loc":{"start":{"line":51,"column":4},"end":{"line":54,"column":4}}},"2":{"name":null,"line":56,"loc":{"start":{"line":56,"column":4},"end":{"line":58,"column":4}}},"3":{"name":"sellEthTo","line":68,"loc":{"start":{"line":64,"column":4},"end":{"line":79,"column":4}}},"4":{"name":"buyEthWith","line":85,"loc":{"start":{"line":81,"column":4},"end":{"line":96,"column":4}}},"5":{"name":"depositEth","line":101,"loc":{"start":{"line":98,"column":4},"end":{"line":109,"column":4}}},"6":{"name":"_transferIn","line":113,"loc":{"start":{"line":113,"column":4},"end":{"line":119,"column":4}}},"7":{"name":"_transferOut","line":121,"loc":{"start":{"line":121,"column":4},"end":{"line":127,"column":4}}}},"statementMap":{"1":{"start":{"line":52,"column":8},"end":{"line":52,"column":27}},"2":{"start":{"line":53,"column":8},"end":{"line":53,"column":20}},"3":{"start":{"line":57,"column":8},"end":{"line":57,"column":60}},"4":{"start":{"line":69,"column":8},"end":{"line":69,"column":62}},"5":{"start":{"line":70,"column":8},"end":{"line":70,"column":78}},"6":{"start":{"line":71,"column":8},"end":{"line":71,"column":69}},"7":{"start":{"line":72,"column":8},"end":{"line":72,"column":81}},"8":{"start":{"line":73,"column":8},"end":{"line":73,"column":48}},"9":{"start":{"line":74,"column":8},"end":{"line":74,"column":45}},"10":{"start":{"line":75,"column":8},"end":{"line":75,"column":66}},"11":{"start":{"line":76,"column":8},"end":{"line":76,"column":70}},"12":{"start":{"line":77,"column":8},"end":{"line":77,"column":87}},"13":{"start":{"line":78,"column":8},"end":{"line":78,"column":33}},"14":{"start":{"line":86,"column":8},"end":{"line":86,"column":78}},"15":{"start":{"line":87,"column":8},"end":{"line":87,"column":64}},"16":{"start":{"line":88,"column":8},"end":{"line":88,"column":67}},"17":{"start":{"line":89,"column":8},"end":{"line":89,"column":65}},"18":{"start":{"line":90,"column":8},"end":{"line":90,"column":62}},"19":{"start":{"line":91,"column":8},"end":{"line":91,"column":61}},"20":{"start":{"line":92,"column":8},"end":{"line":92,"column":40}},"21":{"start":{"line":93,"column":8},"end":{"line":93,"column":37}},"22":{"start":{"line":94,"column":8},"end":{"line":94,"column":82}},"23":{"start":{"line":95,"column":8},"end":{"line":95,"column":29}},"24":{"start":{"line":103,"column":8},"end":{"line":103,"column":62}},"25":{"start":{"line":104,"column":8},"end":{"line":104,"column":78}},"26":{"start":{"line":105,"column":8},"end":{"line":105,"column":48}},"27":{"start":{"line":106,"column":8},"end":{"line":106,"column":45}},"28":{"start":{"line":107,"column":8},"end":{"line":107,"column":55}},"29":{"start":{"line":108,"column":8},"end":{"line":108,"column":70}},"30":{"start":{"line":118,"column":8},"end":{"line":118,"column":73}},"31":{"start":{"line":126,"column":8},"end":{"line":126,"column":52}}},"branchMap":{"1":{"line":57,"type":"if","locations":[{"start":{"line":57,"column":8},"end":{"line":57,"column":8}},{"start":{"line":57,"column":8},"end":{"line":57,"column":8}}]},"2":{"line":61,"type":"if","locations":[{"start":{"line":61,"column":8},"end":{"line":61,"column":8}},{"start":{"line":61,"column":8},"end":{"line":61,"column":8}}]},"3":{"line":69,"type":"if","locations":[{"start":{"line":69,"column":8},"end":{"line":69,"column":8}},{"start":{"line":69,"column":8},"end":{"line":69,"column":8}}]},"4":{"line":72,"type":"if","locations":[{"start":{"line":72,"column":8},"end":{"line":72,"column":8}},{"start":{"line":72,"column":8},"end":{"line":72,"column":8}}]},"5":{"line":88,"type":"if","locations":[{"start":{"line":88,"column":8},"end":{"line":88,"column":8}},{"start":{"line":88,"column":8},"end":{"line":88,"column":8}}]},"6":{"line":103,"type":"if","locations":[{"start":{"line":103,"column":8},"end":{"line":103,"column":8}},{"start":{"line":103,"column":8},"end":{"line":103,"column":8}}]}}},"contracts/DODOZoo.sol":{"l":{"42":12,"43":10,"44":10,"45":10,"56":10,"57":10,"58":10,"59":10,"65":12,"69":10,"71":2,"76":15},"path":"/Users/leimingda/Documents/dodo/contracts/DODOZoo.sol","s":{"1":12,"2":10,"3":10,"4":10,"5":10,"6":10,"7":10,"8":10,"9":12,"10":10,"11":2,"12":15},"b":{"1":[10,2],"2":[10,0],"3":[10,2]},"f":{"1":12,"2":12,"3":15},"fnMap":{"1":{"name":"breedDODO","line":41,"loc":{"start":{"line":31,"column":4},"end":{"line":60,"column":4}}},"2":{"name":"isDODORegistered","line":64,"loc":{"start":{"line":64,"column":4},"end":{"line":73,"column":4}}},"3":{"name":"getDODO","line":75,"loc":{"start":{"line":75,"column":4},"end":{"line":77,"column":4}}}},"statementMap":{"1":{"start":{"line":42,"column":8},"end":{"line":42,"column":78}},"2":{"start":{"line":43,"column":8},"end":{"line":43,"column":66}},"3":{"start":{"line":44,"column":8},"end":{"line":44,"column":49}},"4":{"start":{"line":45,"column":8},"end":{"line":45,"column":1105}},"5":{"start":{"line":56,"column":8},"end":{"line":56,"column":52}},"6":{"start":{"line":57,"column":8},"end":{"line":57,"column":59}},"7":{"start":{"line":58,"column":8},"end":{"line":58,"column":35}},"8":{"start":{"line":59,"column":8},"end":{"line":59,"column":26}},"9":{"start":{"line":65,"column":8},"end":{"line":65,"column":1687}},"10":{"start":{"line":69,"column":12},"end":{"line":69,"column":24}},"11":{"start":{"line":71,"column":12},"end":{"line":71,"column":23}},"12":{"start":{"line":76,"column":8},"end":{"line":76,"column":53}}},"branchMap":{"1":{"line":42,"type":"if","locations":[{"start":{"line":42,"column":8},"end":{"line":42,"column":8}},{"start":{"line":42,"column":8},"end":{"line":42,"column":8}}]},"2":{"line":43,"type":"if","locations":[{"start":{"line":43,"column":8},"end":{"line":43,"column":8}},{"start":{"line":43,"column":8},"end":{"line":43,"column":8}}]},"3":{"line":65,"type":"if","locations":[{"start":{"line":65,"column":8},"end":{"line":65,"column":8}},{"start":{"line":65,"column":8},"end":{"line":65,"column":8}}]}}},"contracts/impl/Admin.sol":{"l":{"27":1,"31":1,"35":1,"39":2,"40":2,"44":2,"45":2,"49":3,"50":3,"54":1,"55":1,"61":0,"65":0,"69":0,"73":0,"77":1,"81":0},"path":"/Users/leimingda/Documents/dodo/contracts/impl/Admin.sol","s":{"1":1,"2":1,"3":1,"4":2,"5":2,"6":2,"7":2,"8":3,"9":3,"10":1,"11":1,"12":0,"13":0,"14":0,"15":0,"16":1,"17":0},"b":{},"f":{"1":1,"2":1,"3":1,"4":2,"5":2,"6":3,"7":1,"8":0,"9":0,"10":0,"11":0,"12":1,"13":0},"fnMap":{"1":{"name":"setOracle","line":26,"loc":{"start":{"line":26,"column":4},"end":{"line":28,"column":4}}},"2":{"name":"setSupervisor","line":30,"loc":{"start":{"line":30,"column":4},"end":{"line":32,"column":4}}},"3":{"name":"setMaintainer","line":34,"loc":{"start":{"line":34,"column":4},"end":{"line":36,"column":4}}},"4":{"name":"setLiquidityProviderFeeRate","line":38,"loc":{"start":{"line":38,"column":4},"end":{"line":41,"column":4}}},"5":{"name":"setMaintainerFeeRate","line":43,"loc":{"start":{"line":43,"column":4},"end":{"line":46,"column":4}}},"6":{"name":"setK","line":48,"loc":{"start":{"line":48,"column":4},"end":{"line":51,"column":4}}},"7":{"name":"setGasPriceLimit","line":53,"loc":{"start":{"line":53,"column":4},"end":{"line":56,"column":4}}},"8":{"name":"disableTrading","line":60,"loc":{"start":{"line":60,"column":4},"end":{"line":62,"column":4}}},"9":{"name":"enableTrading","line":64,"loc":{"start":{"line":64,"column":4},"end":{"line":66,"column":4}}},"10":{"name":"disableQuoteDeposit","line":68,"loc":{"start":{"line":68,"column":4},"end":{"line":70,"column":4}}},"11":{"name":"enableQuoteDeposit","line":72,"loc":{"start":{"line":72,"column":4},"end":{"line":74,"column":4}}},"12":{"name":"disableBaseDeposit","line":76,"loc":{"start":{"line":76,"column":4},"end":{"line":78,"column":4}}},"13":{"name":"enableBaseDeposit","line":80,"loc":{"start":{"line":80,"column":4},"end":{"line":82,"column":4}}}},"statementMap":{"1":{"start":{"line":27,"column":8},"end":{"line":27,"column":27}},"2":{"start":{"line":31,"column":8},"end":{"line":31,"column":35}},"3":{"start":{"line":35,"column":8},"end":{"line":35,"column":35}},"4":{"start":{"line":39,"column":8},"end":{"line":39,"column":50}},"5":{"start":{"line":40,"column":8},"end":{"line":40,"column":29}},"6":{"start":{"line":44,"column":8},"end":{"line":44,"column":43}},"7":{"start":{"line":45,"column":8},"end":{"line":45,"column":29}},"8":{"start":{"line":49,"column":8},"end":{"line":49,"column":17}},"9":{"start":{"line":50,"column":8},"end":{"line":50,"column":29}},"10":{"start":{"line":54,"column":8},"end":{"line":54,"column":43}},"11":{"start":{"line":55,"column":8},"end":{"line":55,"column":50}},"12":{"start":{"line":61,"column":8},"end":{"line":61,"column":30}},"13":{"start":{"line":65,"column":8},"end":{"line":65,"column":29}},"14":{"start":{"line":69,"column":8},"end":{"line":69,"column":38}},"15":{"start":{"line":73,"column":8},"end":{"line":73,"column":37}},"16":{"start":{"line":77,"column":8},"end":{"line":77,"column":37}},"17":{"start":{"line":81,"column":8},"end":{"line":81,"column":36}}},"branchMap":{}},"contracts/impl/LiquidityProvider.sol":{"l":{"46":78,"47":78,"51":0,"52":0,"58":9,"62":38,"66":9,"70":35,"74":9,"78":8,"88":36,"89":36,"90":36,"91":36,"93":29,"95":7,"99":36,"100":36,"101":36,"103":36,"107":42,"108":42,"109":42,"110":42,"112":34,"114":8,"118":42,"119":42,"120":42,"122":42,"129":10,"130":10,"131":10,"133":9,"134":9,"140":8,"141":7,"144":5,"145":5,"146":5,"147":5,"149":5,"150":5,"152":5,"157":10,"158":10,"159":10,"161":9,"162":9,"168":8,"169":7,"172":5,"173":5,"174":5,"175":5,"177":5,"178":5,"180":5,"186":9,"189":9,"190":8,"193":8,"194":8,"195":8,"196":8,"198":8,"199":8,"201":8,"205":10,"208":10,"209":9,"212":9,"213":9,"214":9,"215":9,"217":9,"218":9,"220":9,"226":42,"230":36,"234":14,"238":13,"244":37,"245":37,"246":37,"247":1,"249":36,"250":36,"254":34,"255":34,"256":34,"257":1,"259":33,"260":33,"264":22,"265":19,"266":6,"267":6,"268":6,"269":6,"275":6,"280":6,"282":13,"287":24,"288":21,"289":8,"290":8,"291":8,"292":8,"298":8,"303":8,"305":13},"path":"/Users/leimingda/Documents/dodo/contracts/impl/LiquidityProvider.sol","s":{"1":78,"2":0,"3":9,"4":38,"5":9,"6":35,"7":9,"8":8,"9":36,"10":36,"11":36,"12":36,"13":29,"14":7,"15":7,"16":36,"17":36,"18":36,"19":36,"20":42,"21":42,"22":42,"23":42,"24":34,"25":8,"26":8,"27":42,"28":42,"29":42,"30":42,"31":10,"32":10,"33":10,"34":9,"35":9,"36":8,"37":7,"38":5,"39":5,"40":5,"41":5,"42":5,"43":5,"44":5,"45":10,"46":10,"47":10,"48":9,"49":9,"50":8,"51":7,"52":5,"53":5,"54":5,"55":5,"56":5,"57":5,"58":5,"59":9,"60":9,"61":8,"62":8,"63":8,"64":8,"65":8,"66":8,"67":8,"68":8,"69":10,"70":10,"71":9,"72":9,"73":9,"74":9,"75":9,"76":9,"77":9,"78":9,"79":42,"80":36,"81":14,"82":13,"83":37,"84":37,"85":37,"86":1,"87":36,"88":36,"89":34,"90":34,"91":34,"92":1,"93":33,"94":33,"95":22,"96":19,"97":6,"98":6,"99":6,"100":6,"101":6,"102":6,"103":13,"104":24,"105":21,"106":8,"107":8,"108":8,"109":8,"110":8,"111":8,"112":13},"b":{"1":[78,0],"2":[0,0],"3":[29,7],"4":[7,0],"5":[34,8],"6":[8,0],"7":[9,1],"8":[8,1],"9":[5,2],"10":[9,1],"11":[8,1],"12":[5,2],"13":[8,0],"14":[9,0],"15":[1,36],"16":[1,33],"17":[19,3],"18":[6,13],"19":[21,3],"20":[8,13]},"f":{"1":78,"2":0,"3":9,"4":38,"5":9,"6":35,"7":9,"8":8,"9":36,"10":42,"11":10,"12":10,"13":9,"14":10,"15":42,"16":36,"17":14,"18":13,"19":37,"20":34,"21":22,"22":24},"fnMap":{"1":{"name":"depositQuoteAllowed","line":45,"loc":{"start":{"line":45,"column":4},"end":{"line":48,"column":4}}},"2":{"name":"depositBaseAllowed","line":50,"loc":{"start":{"line":50,"column":4},"end":{"line":53,"column":4}}},"3":{"name":"withdrawBase","line":57,"loc":{"start":{"line":57,"column":4},"end":{"line":59,"column":4}}},"4":{"name":"depositBase","line":61,"loc":{"start":{"line":61,"column":4},"end":{"line":63,"column":4}}},"5":{"name":"withdrawQuote","line":65,"loc":{"start":{"line":65,"column":4},"end":{"line":67,"column":4}}},"6":{"name":"depositQuote","line":69,"loc":{"start":{"line":69,"column":4},"end":{"line":71,"column":4}}},"7":{"name":"withdrawAllBase","line":73,"loc":{"start":{"line":73,"column":4},"end":{"line":75,"column":4}}},"8":{"name":"withdrawAllQuote","line":77,"loc":{"start":{"line":77,"column":4},"end":{"line":79,"column":4}}},"9":{"name":"depositQuoteTo","line":86,"loc":{"start":{"line":83,"column":4},"end":{"line":104,"column":4}}},"10":{"name":"depositBaseTo","line":106,"loc":{"start":{"line":106,"column":4},"end":{"line":123,"column":4}}},"11":{"name":"withdrawQuoteTo","line":127,"loc":{"start":{"line":127,"column":4},"end":{"line":153,"column":4}}},"12":{"name":"withdrawBaseTo","line":155,"loc":{"start":{"line":155,"column":4},"end":{"line":181,"column":4}}},"13":{"name":"withdrawAllQuoteTo","line":185,"loc":{"start":{"line":185,"column":4},"end":{"line":202,"column":4}}},"14":{"name":"withdrawAllBaseTo","line":204,"loc":{"start":{"line":204,"column":4},"end":{"line":221,"column":4}}},"15":{"name":"_mintBaseCapital","line":225,"loc":{"start":{"line":225,"column":4},"end":{"line":227,"column":4}}},"16":{"name":"_mintQuoteCapital","line":229,"loc":{"start":{"line":229,"column":4},"end":{"line":231,"column":4}}},"17":{"name":"_burnBaseCapital","line":233,"loc":{"start":{"line":233,"column":4},"end":{"line":235,"column":4}}},"18":{"name":"_burnQuoteCapital","line":237,"loc":{"start":{"line":237,"column":4},"end":{"line":239,"column":4}}},"19":{"name":"getLpBaseBalance","line":243,"loc":{"start":{"line":243,"column":4},"end":{"line":251,"column":4}}},"20":{"name":"getLpQuoteBalance","line":253,"loc":{"start":{"line":253,"column":4},"end":{"line":261,"column":4}}},"21":{"name":"getWithdrawQuotePenalty","line":263,"loc":{"start":{"line":263,"column":4},"end":{"line":284,"column":4}}},"22":{"name":"getWithdrawBasePenalty","line":286,"loc":{"start":{"line":286,"column":4},"end":{"line":307,"column":4}}}},"statementMap":{"1":{"start":{"line":46,"column":8},"end":{"line":46,"column":68}},"2":{"start":{"line":51,"column":8},"end":{"line":51,"column":66}},"3":{"start":{"line":58,"column":8},"end":{"line":58,"column":49}},"4":{"start":{"line":62,"column":8},"end":{"line":62,"column":40}},"5":{"start":{"line":66,"column":8},"end":{"line":66,"column":50}},"6":{"start":{"line":70,"column":8},"end":{"line":70,"column":41}},"7":{"start":{"line":74,"column":8},"end":{"line":74,"column":44}},"8":{"start":{"line":78,"column":8},"end":{"line":78,"column":45}},"9":{"start":{"line":88,"column":8},"end":{"line":88,"column":54}},"10":{"start":{"line":89,"column":8},"end":{"line":89,"column":58}},"11":{"start":{"line":90,"column":8},"end":{"line":90,"column":32}},"12":{"start":{"line":91,"column":8},"end":{"line":91,"column":2659}},"13":{"start":{"line":93,"column":12},"end":{"line":93,"column":44}},"14":{"start":{"line":94,"column":15},"end":{"line":94,"column":2809}},"15":{"start":{"line":95,"column":12},"end":{"line":95,"column":67}},"16":{"start":{"line":99,"column":8},"end":{"line":99,"column":48}},"17":{"start":{"line":100,"column":8},"end":{"line":100,"column":37}},"18":{"start":{"line":101,"column":8},"end":{"line":101,"column":76}},"19":{"start":{"line":103,"column":8},"end":{"line":103,"column":54}},"20":{"start":{"line":107,"column":8},"end":{"line":107,"column":53}},"21":{"start":{"line":108,"column":8},"end":{"line":108,"column":56}},"22":{"start":{"line":109,"column":8},"end":{"line":109,"column":32}},"23":{"start":{"line":110,"column":8},"end":{"line":110,"column":3425}},"24":{"start":{"line":112,"column":12},"end":{"line":112,"column":43}},"25":{"start":{"line":113,"column":15},"end":{"line":113,"column":3572}},"26":{"start":{"line":114,"column":12},"end":{"line":114,"column":65}},"27":{"start":{"line":118,"column":8},"end":{"line":118,"column":47}},"28":{"start":{"line":119,"column":8},"end":{"line":119,"column":36}},"29":{"start":{"line":120,"column":8},"end":{"line":120,"column":74}},"30":{"start":{"line":122,"column":8},"end":{"line":122,"column":53}},"31":{"start":{"line":129,"column":8},"end":{"line":129,"column":54}},"32":{"start":{"line":130,"column":8},"end":{"line":130,"column":58}},"33":{"start":{"line":131,"column":8},"end":{"line":131,"column":52}},"34":{"start":{"line":133,"column":8},"end":{"line":133,"column":88}},"35":{"start":{"line":134,"column":8},"end":{"line":134,"column":4377}},"36":{"start":{"line":140,"column":8},"end":{"line":140,"column":57}},"37":{"start":{"line":141,"column":8},"end":{"line":141,"column":70}},"38":{"start":{"line":144,"column":8},"end":{"line":144,"column":76}},"39":{"start":{"line":145,"column":8},"end":{"line":145,"column":57}},"40":{"start":{"line":146,"column":8},"end":{"line":146,"column":54}},"41":{"start":{"line":147,"column":8},"end":{"line":147,"column":33}},"42":{"start":{"line":149,"column":8},"end":{"line":149,"column":68}},"43":{"start":{"line":150,"column":8},"end":{"line":150,"column":52}},"44":{"start":{"line":152,"column":8},"end":{"line":152,"column":34}},"45":{"start":{"line":157,"column":8},"end":{"line":157,"column":53}},"46":{"start":{"line":158,"column":8},"end":{"line":158,"column":56}},"47":{"start":{"line":159,"column":8},"end":{"line":159,"column":50}},"48":{"start":{"line":161,"column":8},"end":{"line":161,"column":85}},"49":{"start":{"line":162,"column":8},"end":{"line":162,"column":5521}},"50":{"start":{"line":168,"column":8},"end":{"line":168,"column":56}},"51":{"start":{"line":169,"column":8},"end":{"line":169,"column":71}},"52":{"start":{"line":172,"column":8},"end":{"line":172,"column":74}},"53":{"start":{"line":173,"column":8},"end":{"line":173,"column":55}},"54":{"start":{"line":174,"column":8},"end":{"line":174,"column":53}},"55":{"start":{"line":175,"column":8},"end":{"line":175,"column":32}},"56":{"start":{"line":177,"column":8},"end":{"line":177,"column":67}},"57":{"start":{"line":178,"column":8},"end":{"line":178,"column":51}},"58":{"start":{"line":180,"column":8},"end":{"line":180,"column":34}},"59":{"start":{"line":186,"column":8},"end":{"line":186,"column":62}},"60":{"start":{"line":189,"column":8},"end":{"line":189,"column":65}},"61":{"start":{"line":190,"column":8},"end":{"line":190,"column":79}},"62":{"start":{"line":193,"column":8},"end":{"line":193,"column":84}},"63":{"start":{"line":194,"column":8},"end":{"line":194,"column":74}},"64":{"start":{"line":195,"column":8},"end":{"line":195,"column":62}},"65":{"start":{"line":196,"column":8},"end":{"line":196,"column":33}},"66":{"start":{"line":198,"column":8},"end":{"line":198,"column":63}},"67":{"start":{"line":199,"column":8},"end":{"line":199,"column":52}},"68":{"start":{"line":201,"column":8},"end":{"line":201,"column":42}},"69":{"start":{"line":205,"column":8},"end":{"line":205,"column":61}},"70":{"start":{"line":208,"column":8},"end":{"line":208,"column":64}},"71":{"start":{"line":209,"column":8},"end":{"line":209,"column":79}},"72":{"start":{"line":212,"column":8},"end":{"line":212,"column":82}},"73":{"start":{"line":213,"column":8},"end":{"line":213,"column":72}},"74":{"start":{"line":214,"column":8},"end":{"line":214,"column":61}},"75":{"start":{"line":215,"column":8},"end":{"line":215,"column":32}},"76":{"start":{"line":217,"column":8},"end":{"line":217,"column":62}},"77":{"start":{"line":218,"column":8},"end":{"line":218,"column":51}},"78":{"start":{"line":220,"column":8},"end":{"line":220,"column":42}},"79":{"start":{"line":226,"column":8},"end":{"line":226,"column":60}},"80":{"start":{"line":230,"column":8},"end":{"line":230,"column":61}},"81":{"start":{"line":234,"column":8},"end":{"line":234,"column":60}},"82":{"start":{"line":238,"column":8},"end":{"line":238,"column":61}},"83":{"start":{"line":244,"column":8},"end":{"line":244,"column":56}},"84":{"start":{"line":245,"column":8},"end":{"line":245,"column":53}},"85":{"start":{"line":246,"column":8},"end":{"line":246,"column":8814}},"86":{"start":{"line":247,"column":12},"end":{"line":247,"column":20}},"87":{"start":{"line":249,"column":8},"end":{"line":249,"column":84}},"88":{"start":{"line":250,"column":8},"end":{"line":250,"column":24}},"89":{"start":{"line":254,"column":8},"end":{"line":254,"column":58}},"90":{"start":{"line":255,"column":8},"end":{"line":255,"column":54}},"91":{"start":{"line":256,"column":8},"end":{"line":256,"column":9204}},"92":{"start":{"line":257,"column":12},"end":{"line":257,"column":20}},"93":{"start":{"line":259,"column":8},"end":{"line":259,"column":87}},"94":{"start":{"line":260,"column":8},"end":{"line":260,"column":24}},"95":{"start":{"line":264,"column":8},"end":{"line":264,"column":80}},"96":{"start":{"line":265,"column":8},"end":{"line":265,"column":9573}},"97":{"start":{"line":266,"column":12},"end":{"line":266,"column":78}},"98":{"start":{"line":267,"column":12},"end":{"line":267,"column":44}},"99":{"start":{"line":268,"column":12},"end":{"line":268,"column":66}},"100":{"start":{"line":269,"column":12},"end":{"line":269,"column":9829}},"101":{"start":{"line":275,"column":12},"end":{"line":275,"column":10056}},"102":{"start":{"line":280,"column":12},"end":{"line":280,"column":71}},"103":{"start":{"line":282,"column":12},"end":{"line":282,"column":20}},"104":{"start":{"line":287,"column":8},"end":{"line":287,"column":78}},"105":{"start":{"line":288,"column":8},"end":{"line":288,"column":10546}},"106":{"start":{"line":289,"column":12},"end":{"line":289,"column":81}},"107":{"start":{"line":290,"column":12},"end":{"line":290,"column":44}},"108":{"start":{"line":291,"column":12},"end":{"line":291,"column":72}},"109":{"start":{"line":292,"column":12},"end":{"line":292,"column":10811}},"110":{"start":{"line":298,"column":12},"end":{"line":298,"column":11035}},"111":{"start":{"line":303,"column":12},"end":{"line":303,"column":69}},"112":{"start":{"line":305,"column":12},"end":{"line":305,"column":20}}},"branchMap":{"1":{"line":46,"type":"if","locations":[{"start":{"line":46,"column":8},"end":{"line":46,"column":8}},{"start":{"line":46,"column":8},"end":{"line":46,"column":8}}]},"2":{"line":51,"type":"if","locations":[{"start":{"line":51,"column":8},"end":{"line":51,"column":8}},{"start":{"line":51,"column":8},"end":{"line":51,"column":8}}]},"3":{"line":91,"type":"if","locations":[{"start":{"line":91,"column":8},"end":{"line":91,"column":8}},{"start":{"line":91,"column":8},"end":{"line":91,"column":8}}]},"4":{"line":94,"type":"if","locations":[{"start":{"line":94,"column":15},"end":{"line":94,"column":15}},{"start":{"line":94,"column":15},"end":{"line":94,"column":15}}]},"5":{"line":110,"type":"if","locations":[{"start":{"line":110,"column":8},"end":{"line":110,"column":8}},{"start":{"line":110,"column":8},"end":{"line":110,"column":8}}]},"6":{"line":113,"type":"if","locations":[{"start":{"line":113,"column":15},"end":{"line":113,"column":15}},{"start":{"line":113,"column":15},"end":{"line":113,"column":15}}]},"7":{"line":131,"type":"if","locations":[{"start":{"line":131,"column":8},"end":{"line":131,"column":8}},{"start":{"line":131,"column":8},"end":{"line":131,"column":8}}]},"8":{"line":134,"type":"if","locations":[{"start":{"line":134,"column":8},"end":{"line":134,"column":8}},{"start":{"line":134,"column":8},"end":{"line":134,"column":8}}]},"9":{"line":141,"type":"if","locations":[{"start":{"line":141,"column":8},"end":{"line":141,"column":8}},{"start":{"line":141,"column":8},"end":{"line":141,"column":8}}]},"10":{"line":159,"type":"if","locations":[{"start":{"line":159,"column":8},"end":{"line":159,"column":8}},{"start":{"line":159,"column":8},"end":{"line":159,"column":8}}]},"11":{"line":162,"type":"if","locations":[{"start":{"line":162,"column":8},"end":{"line":162,"column":8}},{"start":{"line":162,"column":8},"end":{"line":162,"column":8}}]},"12":{"line":169,"type":"if","locations":[{"start":{"line":169,"column":8},"end":{"line":169,"column":8}},{"start":{"line":169,"column":8},"end":{"line":169,"column":8}}]},"13":{"line":190,"type":"if","locations":[{"start":{"line":190,"column":8},"end":{"line":190,"column":8}},{"start":{"line":190,"column":8},"end":{"line":190,"column":8}}]},"14":{"line":209,"type":"if","locations":[{"start":{"line":209,"column":8},"end":{"line":209,"column":8}},{"start":{"line":209,"column":8},"end":{"line":209,"column":8}}]},"15":{"line":246,"type":"if","locations":[{"start":{"line":246,"column":8},"end":{"line":246,"column":8}},{"start":{"line":246,"column":8},"end":{"line":246,"column":8}}]},"16":{"line":256,"type":"if","locations":[{"start":{"line":256,"column":8},"end":{"line":256,"column":8}},{"start":{"line":256,"column":8},"end":{"line":256,"column":8}}]},"17":{"line":264,"type":"if","locations":[{"start":{"line":264,"column":8},"end":{"line":264,"column":8}},{"start":{"line":264,"column":8},"end":{"line":264,"column":8}}]},"18":{"line":265,"type":"if","locations":[{"start":{"line":265,"column":8},"end":{"line":265,"column":8}},{"start":{"line":265,"column":8},"end":{"line":265,"column":8}}]},"19":{"line":287,"type":"if","locations":[{"start":{"line":287,"column":8},"end":{"line":287,"column":8}},{"start":{"line":287,"column":8},"end":{"line":287,"column":8}}]},"20":{"line":288,"type":"if","locations":[{"start":{"line":288,"column":8},"end":{"line":288,"column":8}},{"start":{"line":288,"column":8},"end":{"line":288,"column":8}}]}}},"contracts/impl/Pricing.sol":{"l":{"33":25,"34":25,"43":25,"51":34,"52":32,"53":32,"54":32,"64":1,"65":1,"72":1,"83":2,"84":2,"91":2,"100":35,"101":35,"102":35,"103":35,"108":35,"118":7,"119":6,"120":6,"131":5,"132":5,"141":52,"142":52,"143":52,"144":52,"149":52,"155":248,"156":248,"157":248,"158":161,"160":35,"161":35,"163":52,"164":52,"173":43,"174":43},"path":"/Users/leimingda/Documents/dodo/contracts/impl/Pricing.sol","s":{"1":25,"2":25,"3":25,"4":34,"5":32,"6":32,"7":32,"8":1,"9":1,"10":1,"11":2,"12":2,"13":2,"14":35,"15":35,"16":35,"17":35,"18":35,"19":7,"20":6,"21":6,"22":5,"23":5,"24":52,"25":52,"26":52,"27":52,"28":52,"29":248,"30":248,"31":248,"32":161,"33":87,"34":35,"35":35,"36":52,"37":52,"38":52,"39":43,"40":43},"b":{"1":[32,2],"2":[6,1],"3":[161,87],"4":[35,52],"5":[52,0]},"f":{"1":25,"2":34,"3":1,"4":2,"5":35,"6":7,"7":5,"8":52,"9":248,"10":43},"fnMap":{"1":{"name":"_ROneSellBaseToken","line":28,"loc":{"start":{"line":28,"column":4},"end":{"line":44,"column":4}}},"2":{"name":"_ROneBuyBaseToken","line":46,"loc":{"start":{"line":46,"column":4},"end":{"line":55,"column":4}}},"3":{"name":"_RBelowSellBaseToken","line":59,"loc":{"start":{"line":59,"column":4},"end":{"line":73,"column":4}}},"4":{"name":"_RBelowBuyBaseToken","line":75,"loc":{"start":{"line":75,"column":4},"end":{"line":92,"column":4}}},"5":{"name":"_RBelowBackToOne","line":94,"loc":{"start":{"line":94,"column":4},"end":{"line":109,"column":4}}},"6":{"name":"_RAboveBuyBaseToken","line":113,"loc":{"start":{"line":113,"column":4},"end":{"line":121,"column":4}}},"7":{"name":"_RAboveSellBaseToken","line":123,"loc":{"start":{"line":123,"column":4},"end":{"line":133,"column":4}}},"8":{"name":"_RAboveBackToOne","line":135,"loc":{"start":{"line":135,"column":4},"end":{"line":150,"column":4}}},"9":{"name":"_getExpectedTarget","line":154,"loc":{"start":{"line":154,"column":4},"end":{"line":166,"column":4}}},"10":{"name":"_RAboveIntegrate","line":168,"loc":{"start":{"line":168,"column":4},"end":{"line":175,"column":4}}}},"statementMap":{"1":{"start":{"line":33,"column":8},"end":{"line":33,"column":36}},"2":{"start":{"line":34,"column":8},"end":{"line":34,"column":768}},"3":{"start":{"line":43,"column":8},"end":{"line":43,"column":45}},"4":{"start":{"line":51,"column":8},"end":{"line":51,"column":84}},"5":{"start":{"line":52,"column":8},"end":{"line":52,"column":54}},"6":{"start":{"line":53,"column":8},"end":{"line":53,"column":89}},"7":{"start":{"line":54,"column":8},"end":{"line":54,"column":28}},"8":{"start":{"line":64,"column":8},"end":{"line":64,"column":36}},"9":{"start":{"line":65,"column":8},"end":{"line":65,"column":1886}},"10":{"start":{"line":72,"column":8},"end":{"line":72,"column":35}},"11":{"start":{"line":83,"column":8},"end":{"line":83,"column":36}},"12":{"start":{"line":84,"column":8},"end":{"line":84,"column":2502}},"13":{"start":{"line":91,"column":8},"end":{"line":91,"column":35}},"14":{"start":{"line":100,"column":8},"end":{"line":100,"column":74}},"15":{"start":{"line":101,"column":8},"end":{"line":101,"column":40}},"16":{"start":{"line":102,"column":8},"end":{"line":102,"column":62}},"17":{"start":{"line":103,"column":8},"end":{"line":103,"column":3174}},"18":{"start":{"line":108,"column":8},"end":{"line":108,"column":63}},"19":{"start":{"line":118,"column":8},"end":{"line":118,"column":74}},"20":{"start":{"line":119,"column":8},"end":{"line":119,"column":44}},"21":{"start":{"line":120,"column":8},"end":{"line":120,"column":66}},"22":{"start":{"line":131,"column":8},"end":{"line":131,"column":44}},"23":{"start":{"line":132,"column":8},"end":{"line":132,"column":66}},"24":{"start":{"line":141,"column":8},"end":{"line":141,"column":77}},"25":{"start":{"line":142,"column":8},"end":{"line":142,"column":40}},"26":{"start":{"line":143,"column":8},"end":{"line":143,"column":68}},"27":{"start":{"line":144,"column":8},"end":{"line":144,"column":4700}},"28":{"start":{"line":149,"column":8},"end":{"line":149,"column":62}},"29":{"start":{"line":155,"column":8},"end":{"line":155,"column":35}},"30":{"start":{"line":156,"column":8},"end":{"line":156,"column":34}},"31":{"start":{"line":157,"column":8},"end":{"line":157,"column":5148}},"32":{"start":{"line":158,"column":12},"end":{"line":158,"column":76}},"33":{"start":{"line":159,"column":15},"end":{"line":159,"column":5280}},"34":{"start":{"line":160,"column":12},"end":{"line":160,"column":82}},"35":{"start":{"line":161,"column":12},"end":{"line":161,"column":66}},"36":{"start":{"line":162,"column":15},"end":{"line":162,"column":5492}},"37":{"start":{"line":163,"column":12},"end":{"line":163,"column":82}},"38":{"start":{"line":164,"column":12},"end":{"line":164,"column":66}},"39":{"start":{"line":173,"column":8},"end":{"line":173,"column":36}},"40":{"start":{"line":174,"column":8},"end":{"line":174,"column":61}}},"branchMap":{"1":{"line":51,"type":"if","locations":[{"start":{"line":51,"column":8},"end":{"line":51,"column":8}},{"start":{"line":51,"column":8},"end":{"line":51,"column":8}}]},"2":{"line":118,"type":"if","locations":[{"start":{"line":118,"column":8},"end":{"line":118,"column":8}},{"start":{"line":118,"column":8},"end":{"line":118,"column":8}}]},"3":{"line":157,"type":"if","locations":[{"start":{"line":157,"column":8},"end":{"line":157,"column":8}},{"start":{"line":157,"column":8},"end":{"line":157,"column":8}}]},"4":{"line":159,"type":"if","locations":[{"start":{"line":159,"column":15},"end":{"line":159,"column":15}},{"start":{"line":159,"column":15},"end":{"line":159,"column":15}}]},"5":{"line":162,"type":"if","locations":[{"start":{"line":162,"column":15},"end":{"line":162,"column":15}},{"start":{"line":162,"column":15},"end":{"line":162,"column":15}}]}}},"contracts/impl/Settlement.sol":{"l":{"39":74,"40":74,"44":78,"45":78,"49":100,"50":100,"54":79,"55":79,"61":56,"62":56,"66":45,"67":45,"71":1,"72":1,"76":1,"77":1,"84":4,"85":4,"86":4,"87":4,"88":4,"89":4,"91":4,"92":2,"93":2,"95":2,"98":4,"99":1,"100":1,"102":3,"105":4,"110":6,"111":5,"112":4,"113":4,"117":4,"121":4,"122":4,"123":4,"124":4,"129":4,"130":2,"135":3,"136":2,"141":2},"path":"/Users/leimingda/Documents/dodo/contracts/impl/Settlement.sol","s":{"1":74,"2":74,"3":78,"4":78,"5":100,"6":100,"7":79,"8":79,"9":56,"10":56,"11":45,"12":45,"13":1,"14":1,"15":1,"16":1,"17":4,"18":4,"19":4,"20":4,"21":4,"22":4,"23":4,"24":2,"25":2,"26":2,"27":4,"28":1,"29":1,"30":3,"31":4,"32":6,"33":5,"34":4,"35":4,"36":4,"37":4,"38":4,"39":4,"40":4,"41":4,"42":2,"43":3,"44":2,"45":2},"b":{"1":[2,2],"2":[1,3],"3":[5,1],"4":[4,1],"5":[2,2],"6":[1,1],"7":[2,1],"8":[1,1]},"f":{"1":74,"2":78,"3":100,"4":79,"5":56,"6":45,"7":1,"8":1,"9":4,"10":6,"11":4},"fnMap":{"1":{"name":"_baseTokenTransferIn","line":38,"loc":{"start":{"line":38,"column":4},"end":{"line":41,"column":4}}},"2":{"name":"_quoteTokenTransferIn","line":43,"loc":{"start":{"line":43,"column":4},"end":{"line":46,"column":4}}},"3":{"name":"_baseTokenTransferOut","line":48,"loc":{"start":{"line":48,"column":4},"end":{"line":51,"column":4}}},"4":{"name":"_quoteTokenTransferOut","line":53,"loc":{"start":{"line":53,"column":4},"end":{"line":56,"column":4}}},"5":{"name":"_donateBaseToken","line":60,"loc":{"start":{"line":60,"column":4},"end":{"line":63,"column":4}}},"6":{"name":"_donateQuoteToken","line":65,"loc":{"start":{"line":65,"column":4},"end":{"line":68,"column":4}}},"7":{"name":"donateBaseToken","line":70,"loc":{"start":{"line":70,"column":4},"end":{"line":73,"column":4}}},"8":{"name":"donateQuoteToken","line":75,"loc":{"start":{"line":75,"column":4},"end":{"line":78,"column":4}}},"9":{"name":"finalSettlement","line":83,"loc":{"start":{"line":83,"column":4},"end":{"line":106,"column":4}}},"10":{"name":"claim","line":109,"loc":{"start":{"line":109,"column":4},"end":{"line":125,"column":4}}},"11":{"name":"retrieve","line":128,"loc":{"start":{"line":128,"column":4},"end":{"line":142,"column":4}}}},"statementMap":{"1":{"start":{"line":39,"column":8},"end":{"line":39,"column":73}},"2":{"start":{"line":40,"column":8},"end":{"line":40,"column":50}},"3":{"start":{"line":44,"column":8},"end":{"line":44,"column":74}},"4":{"start":{"line":45,"column":8},"end":{"line":45,"column":52}},"5":{"start":{"line":49,"column":8},"end":{"line":49,"column":52}},"6":{"start":{"line":50,"column":8},"end":{"line":50,"column":50}},"7":{"start":{"line":54,"column":8},"end":{"line":54,"column":53}},"8":{"start":{"line":55,"column":8},"end":{"line":55,"column":52}},"9":{"start":{"line":61,"column":8},"end":{"line":61,"column":74}},"10":{"start":{"line":62,"column":8},"end":{"line":62,"column":36}},"11":{"start":{"line":66,"column":8},"end":{"line":66,"column":76}},"12":{"start":{"line":67,"column":8},"end":{"line":67,"column":37}},"13":{"start":{"line":71,"column":8},"end":{"line":71,"column":47}},"14":{"start":{"line":72,"column":8},"end":{"line":72,"column":31}},"15":{"start":{"line":76,"column":8},"end":{"line":76,"column":48}},"16":{"start":{"line":77,"column":8},"end":{"line":77,"column":32}},"17":{"start":{"line":84,"column":8},"end":{"line":84,"column":22}},"18":{"start":{"line":85,"column":8},"end":{"line":85,"column":38}},"19":{"start":{"line":86,"column":8},"end":{"line":86,"column":37}},"20":{"start":{"line":87,"column":8},"end":{"line":87,"column":30}},"21":{"start":{"line":88,"column":8},"end":{"line":88,"column":56}},"22":{"start":{"line":89,"column":8},"end":{"line":89,"column":58}},"23":{"start":{"line":91,"column":8},"end":{"line":91,"column":2850}},"24":{"start":{"line":92,"column":12},"end":{"line":92,"column":81}},"25":{"start":{"line":93,"column":12},"end":{"line":93,"column":92}},"26":{"start":{"line":95,"column":12},"end":{"line":95,"column":56}},"27":{"start":{"line":98,"column":8},"end":{"line":98,"column":3176}},"28":{"start":{"line":99,"column":12},"end":{"line":99,"column":78}},"29":{"start":{"line":100,"column":12},"end":{"line":100,"column":92}},"30":{"start":{"line":102,"column":12},"end":{"line":102,"column":54}},"31":{"start":{"line":105,"column":8},"end":{"line":105,"column":37}},"32":{"start":{"line":110,"column":8},"end":{"line":110,"column":46}},"33":{"start":{"line":111,"column":8},"end":{"line":111,"column":57}},"34":{"start":{"line":112,"column":8},"end":{"line":112,"column":35}},"35":{"start":{"line":113,"column":8},"end":{"line":113,"column":3792}},"36":{"start":{"line":117,"column":8},"end":{"line":117,"column":3940}},"37":{"start":{"line":121,"column":8},"end":{"line":121,"column":52}},"38":{"start":{"line":122,"column":8},"end":{"line":122,"column":54}},"39":{"start":{"line":123,"column":8},"end":{"line":123,"column":55}},"40":{"start":{"line":124,"column":8},"end":{"line":124,"column":14}},"41":{"start":{"line":129,"column":8},"end":{"line":129,"column":4406}},"42":{"start":{"line":130,"column":12},"end":{"line":130,"column":4451}},"43":{"start":{"line":135,"column":8},"end":{"line":135,"column":4629}},"44":{"start":{"line":136,"column":12},"end":{"line":136,"column":4675}},"45":{"start":{"line":141,"column":8},"end":{"line":141,"column":53}}},"branchMap":{"1":{"line":91,"type":"if","locations":[{"start":{"line":91,"column":8},"end":{"line":91,"column":8}},{"start":{"line":91,"column":8},"end":{"line":91,"column":8}}]},"2":{"line":98,"type":"if","locations":[{"start":{"line":98,"column":8},"end":{"line":98,"column":8}},{"start":{"line":98,"column":8},"end":{"line":98,"column":8}}]},"3":{"line":110,"type":"if","locations":[{"start":{"line":110,"column":8},"end":{"line":110,"column":8}},{"start":{"line":110,"column":8},"end":{"line":110,"column":8}}]},"4":{"line":111,"type":"if","locations":[{"start":{"line":111,"column":8},"end":{"line":111,"column":8}},{"start":{"line":111,"column":8},"end":{"line":111,"column":8}}]},"5":{"line":129,"type":"if","locations":[{"start":{"line":129,"column":8},"end":{"line":129,"column":8}},{"start":{"line":129,"column":8},"end":{"line":129,"column":8}}]},"6":{"line":130,"type":"if","locations":[{"start":{"line":130,"column":12},"end":{"line":130,"column":12}},{"start":{"line":130,"column":12},"end":{"line":130,"column":12}}]},"7":{"line":135,"type":"if","locations":[{"start":{"line":135,"column":8},"end":{"line":135,"column":8}},{"start":{"line":135,"column":8},"end":{"line":135,"column":8}}]},"8":{"line":136,"type":"if","locations":[{"start":{"line":136,"column":12},"end":{"line":136,"column":12}},{"start":{"line":136,"column":12},"end":{"line":136,"column":12}}]}}},"contracts/impl/Storage.sol":{"l":{"70":6,"71":2,"75":8,"76":4,"82":17,"83":16,"84":15,"88":172,"92":59,"96":93,"100":58,"104":84},"path":"/Users/leimingda/Documents/dodo/contracts/impl/Storage.sol","s":{"1":6,"2":8,"3":17,"4":16,"5":15,"6":172,"7":59,"8":93,"9":58,"10":84},"b":{"1":[2,4],"2":[4,4],"3":[16,1],"4":[15,1],"5":[13,2]},"f":{"1":6,"2":8,"3":17,"4":172,"5":59,"6":93,"7":58,"8":84},"fnMap":{"1":{"name":"onlySupervisorOrOwner","line":69,"loc":{"start":{"line":69,"column":4},"end":{"line":72,"column":4}}},"2":{"name":"notClosed","line":74,"loc":{"start":{"line":74,"column":4},"end":{"line":77,"column":4}}},"3":{"name":"_checkDODOParameters","line":81,"loc":{"start":{"line":81,"column":4},"end":{"line":85,"column":4}}},"4":{"name":"getOraclePrice","line":87,"loc":{"start":{"line":87,"column":4},"end":{"line":89,"column":4}}},"5":{"name":"getBaseCapitalBalanceOf","line":91,"loc":{"start":{"line":91,"column":4},"end":{"line":93,"column":4}}},"6":{"name":"getTotalBaseCapital","line":95,"loc":{"start":{"line":95,"column":4},"end":{"line":97,"column":4}}},"7":{"name":"getQuoteCapitalBalanceOf","line":99,"loc":{"start":{"line":99,"column":4},"end":{"line":101,"column":4}}},"8":{"name":"getTotalQuoteCapital","line":103,"loc":{"start":{"line":103,"column":4},"end":{"line":105,"column":4}}}},"statementMap":{"1":{"start":{"line":70,"column":8},"end":{"line":70,"column":94}},"2":{"start":{"line":75,"column":8},"end":{"line":75,"column":43}},"3":{"start":{"line":82,"column":8},"end":{"line":82,"column":64}},"4":{"start":{"line":83,"column":8},"end":{"line":83,"column":54}},"5":{"start":{"line":84,"column":8},"end":{"line":84,"column":95}},"6":{"start":{"line":88,"column":8},"end":{"line":88,"column":43}},"7":{"start":{"line":92,"column":8},"end":{"line":92,"column":63}},"8":{"start":{"line":96,"column":8},"end":{"line":96,"column":63}},"9":{"start":{"line":100,"column":8},"end":{"line":100,"column":64}},"10":{"start":{"line":104,"column":8},"end":{"line":104,"column":64}}},"branchMap":{"1":{"line":70,"type":"if","locations":[{"start":{"line":70,"column":8},"end":{"line":70,"column":8}},{"start":{"line":70,"column":8},"end":{"line":70,"column":8}}]},"2":{"line":75,"type":"if","locations":[{"start":{"line":75,"column":8},"end":{"line":75,"column":8}},{"start":{"line":75,"column":8},"end":{"line":75,"column":8}}]},"3":{"line":82,"type":"if","locations":[{"start":{"line":82,"column":8},"end":{"line":82,"column":8}},{"start":{"line":82,"column":8},"end":{"line":82,"column":8}}]},"4":{"line":83,"type":"if","locations":[{"start":{"line":83,"column":8},"end":{"line":83,"column":8}},{"start":{"line":83,"column":8},"end":{"line":83,"column":8}}]},"5":{"line":84,"type":"if","locations":[{"start":{"line":84,"column":8},"end":{"line":84,"column":8}},{"start":{"line":84,"column":8},"end":{"line":84,"column":8}}]}}},"contracts/impl/Trader.sol":{"l":{"38":79,"39":79,"43":79,"44":77,"57":32,"65":32,"68":31,"69":31,"70":31,"73":31,"74":31,"75":31,"77":31,"78":31,"79":31,"81":31,"92":45,"100":42,"103":41,"104":41,"105":41,"108":41,"109":41,"110":41,"112":41,"113":41,"114":41,"116":41,"122":1,"123":1,"127":1,"128":1,"143":33,"145":33,"147":33,"150":21,"151":21,"153":11,"154":11,"157":11,"159":5,"160":5,"161":5,"164":0,"168":2,"169":2,"172":4,"175":4,"180":1,"181":1,"185":33,"186":33,"187":33,"189":33,"204":46,"207":46,"208":46,"209":46,"211":46,"213":31,"214":29,"217":7,"218":6,"220":8,"221":8,"224":8,"227":2,"228":2,"231":3,"232":3,"235":3,"238":3,"242":43},"path":"/Users/leimingda/Documents/dodo/contracts/impl/Trader.sol","s":{"1":79,"2":79,"3":32,"4":32,"5":31,"6":31,"7":31,"8":31,"9":31,"10":31,"11":31,"12":31,"13":31,"14":31,"15":45,"16":42,"17":41,"18":41,"19":41,"20":41,"21":41,"22":41,"23":41,"24":41,"25":41,"26":41,"27":1,"28":1,"29":1,"30":1,"31":33,"32":33,"33":33,"34":21,"35":21,"36":12,"37":11,"38":11,"39":11,"40":5,"41":5,"42":5,"43":0,"44":6,"45":2,"46":2,"47":4,"48":4,"49":1,"50":1,"51":33,"52":33,"53":33,"54":33,"55":46,"56":46,"57":46,"58":46,"59":46,"60":31,"61":29,"62":15,"63":7,"64":6,"65":8,"66":8,"67":8,"68":8,"69":2,"70":2,"71":6,"72":3,"73":3,"74":3,"75":3,"76":43},"b":{"1":[79,0],"2":[77,2],"3":[31,1],"4":[41,1],"5":[21,12],"6":[11,1],"7":[5,6],"8":[0,5],"9":[2,4],"10":[31,15],"11":[7,8],"12":[8,0],"13":[2,6],"14":[3,3]},"f":{"1":79,"2":79,"3":32,"4":45,"5":1,"6":1,"7":33,"8":46},"fnMap":{"1":{"name":"tradeAllowed","line":37,"loc":{"start":{"line":37,"column":4},"end":{"line":40,"column":4}}},"2":{"name":"gasPriceLimit","line":42,"loc":{"start":{"line":42,"column":4},"end":{"line":45,"column":4}}},"3":{"name":"sellBaseToken","line":53,"loc":{"start":{"line":49,"column":4},"end":{"line":82,"column":4}}},"4":{"name":"buyBaseToken","line":88,"loc":{"start":{"line":84,"column":4},"end":{"line":117,"column":4}}},"5":{"name":"querySellBaseToken","line":121,"loc":{"start":{"line":121,"column":4},"end":{"line":124,"column":4}}},"6":{"name":"queryBuyBaseToken","line":126,"loc":{"start":{"line":126,"column":4},"end":{"line":129,"column":4}}},"7":{"name":"_querySellBaseToken","line":131,"loc":{"start":{"line":131,"column":4},"end":{"line":190,"column":4}}},"8":{"name":"_queryBuyBaseToken","line":192,"loc":{"start":{"line":192,"column":4},"end":{"line":243,"column":4}}}},"statementMap":{"1":{"start":{"line":38,"column":8},"end":{"line":38,"column":52}},"2":{"start":{"line":43,"column":8},"end":{"line":43,"column":68}},"3":{"start":{"line":57,"column":8},"end":{"line":57,"column":1426}},"4":{"start":{"line":65,"column":8},"end":{"line":65,"column":79}},"5":{"start":{"line":68,"column":8},"end":{"line":68,"column":47}},"6":{"start":{"line":69,"column":8},"end":{"line":69,"column":55}},"7":{"start":{"line":70,"column":8},"end":{"line":70,"column":55}},"8":{"start":{"line":73,"column":8},"end":{"line":73,"column":51}},"9":{"start":{"line":74,"column":8},"end":{"line":74,"column":49}},"10":{"start":{"line":75,"column":8},"end":{"line":75,"column":30}},"11":{"start":{"line":77,"column":8},"end":{"line":77,"column":36}},"12":{"start":{"line":78,"column":8},"end":{"line":78,"column":60}},"13":{"start":{"line":79,"column":8},"end":{"line":79,"column":45}},"14":{"start":{"line":81,"column":8},"end":{"line":81,"column":27}},"15":{"start":{"line":92,"column":8},"end":{"line":92,"column":2510}},"16":{"start":{"line":100,"column":8},"end":{"line":100,"column":65}},"17":{"start":{"line":103,"column":8},"end":{"line":103,"column":50}},"18":{"start":{"line":104,"column":8},"end":{"line":104,"column":48}},"19":{"start":{"line":105,"column":8},"end":{"line":105,"column":53}},"20":{"start":{"line":108,"column":8},"end":{"line":108,"column":51}},"21":{"start":{"line":109,"column":8},"end":{"line":109,"column":49}},"22":{"start":{"line":110,"column":8},"end":{"line":110,"column":30}},"23":{"start":{"line":112,"column":8},"end":{"line":112,"column":34}},"24":{"start":{"line":113,"column":8},"end":{"line":113,"column":55}},"25":{"start":{"line":114,"column":8},"end":{"line":114,"column":43}},"26":{"start":{"line":116,"column":8},"end":{"line":116,"column":23}},"27":{"start":{"line":122,"column":8},"end":{"line":122,"column":61}},"28":{"start":{"line":123,"column":8},"end":{"line":123,"column":27}},"29":{"start":{"line":127,"column":8},"end":{"line":127,"column":56}},"30":{"start":{"line":128,"column":8},"end":{"line":128,"column":23}},"31":{"start":{"line":143,"column":8},"end":{"line":143,"column":61}},"32":{"start":{"line":145,"column":8},"end":{"line":145,"column":39}},"33":{"start":{"line":147,"column":8},"end":{"line":147,"column":4174}},"34":{"start":{"line":150,"column":12},"end":{"line":150,"column":76}},"35":{"start":{"line":151,"column":12},"end":{"line":151,"column":47}},"36":{"start":{"line":152,"column":15},"end":{"line":152,"column":4417}},"37":{"start":{"line":153,"column":12},"end":{"line":153,"column":72}},"38":{"start":{"line":154,"column":12},"end":{"line":154,"column":79}},"39":{"start":{"line":157,"column":12},"end":{"line":157,"column":4724}},"40":{"start":{"line":159,"column":16},"end":{"line":159,"column":97}},"41":{"start":{"line":160,"column":16},"end":{"line":160,"column":51}},"42":{"start":{"line":161,"column":16},"end":{"line":161,"column":4991}},"43":{"start":{"line":164,"column":20},"end":{"line":164,"column":55}},"44":{"start":{"line":166,"column":19},"end":{"line":166,"column":5393}},"45":{"start":{"line":168,"column":16},"end":{"line":168,"column":51}},"46":{"start":{"line":169,"column":16},"end":{"line":169,"column":45}},"47":{"start":{"line":172,"column":16},"end":{"line":172,"column":5690}},"48":{"start":{"line":175,"column":16},"end":{"line":175,"column":51}},"49":{"start":{"line":180,"column":12},"end":{"line":180,"column":95}},"50":{"start":{"line":181,"column":12},"end":{"line":181,"column":47}},"51":{"start":{"line":185,"column":8},"end":{"line":185,"column":64}},"52":{"start":{"line":186,"column":8},"end":{"line":186,"column":64}},"53":{"start":{"line":187,"column":8},"end":{"line":187,"column":66}},"54":{"start":{"line":189,"column":8},"end":{"line":189,"column":96}},"55":{"start":{"line":204,"column":8},"end":{"line":204,"column":61}},"56":{"start":{"line":207,"column":8},"end":{"line":207,"column":57}},"57":{"start":{"line":208,"column":8},"end":{"line":208,"column":57}},"58":{"start":{"line":209,"column":8},"end":{"line":209,"column":68}},"59":{"start":{"line":211,"column":8},"end":{"line":211,"column":7114}},"60":{"start":{"line":213,"column":12},"end":{"line":213,"column":69}},"61":{"start":{"line":214,"column":12},"end":{"line":214,"column":47}},"62":{"start":{"line":215,"column":15},"end":{"line":215,"column":7317}},"63":{"start":{"line":217,"column":12},"end":{"line":217,"column":87}},"64":{"start":{"line":218,"column":12},"end":{"line":218,"column":47}},"65":{"start":{"line":219,"column":15},"end":{"line":219,"column":7544}},"66":{"start":{"line":220,"column":12},"end":{"line":220,"column":75}},"67":{"start":{"line":221,"column":12},"end":{"line":221,"column":76}},"68":{"start":{"line":224,"column":12},"end":{"line":224,"column":7836}},"69":{"start":{"line":227,"column":16},"end":{"line":227,"column":93}},"70":{"start":{"line":228,"column":16},"end":{"line":228,"column":51}},"71":{"start":{"line":229,"column":19},"end":{"line":229,"column":8197}},"72":{"start":{"line":231,"column":16},"end":{"line":231,"column":43}},"73":{"start":{"line":232,"column":16},"end":{"line":232,"column":45}},"74":{"start":{"line":235,"column":16},"end":{"line":235,"column":8489}},"75":{"start":{"line":238,"column":16},"end":{"line":238,"column":51}},"76":{"start":{"line":242,"column":8},"end":{"line":242,"column":90}}},"branchMap":{"1":{"line":38,"type":"if","locations":[{"start":{"line":38,"column":8},"end":{"line":38,"column":8}},{"start":{"line":38,"column":8},"end":{"line":38,"column":8}}]},"2":{"line":43,"type":"if","locations":[{"start":{"line":43,"column":8},"end":{"line":43,"column":8}},{"start":{"line":43,"column":8},"end":{"line":43,"column":8}}]},"3":{"line":65,"type":"if","locations":[{"start":{"line":65,"column":8},"end":{"line":65,"column":8}},{"start":{"line":65,"column":8},"end":{"line":65,"column":8}}]},"4":{"line":100,"type":"if","locations":[{"start":{"line":100,"column":8},"end":{"line":100,"column":8}},{"start":{"line":100,"column":8},"end":{"line":100,"column":8}}]},"5":{"line":147,"type":"if","locations":[{"start":{"line":147,"column":8},"end":{"line":147,"column":8}},{"start":{"line":147,"column":8},"end":{"line":147,"column":8}}]},"6":{"line":152,"type":"if","locations":[{"start":{"line":152,"column":15},"end":{"line":152,"column":15}},{"start":{"line":152,"column":15},"end":{"line":152,"column":15}}]},"7":{"line":157,"type":"if","locations":[{"start":{"line":157,"column":12},"end":{"line":157,"column":12}},{"start":{"line":157,"column":12},"end":{"line":157,"column":12}}]},"8":{"line":161,"type":"if","locations":[{"start":{"line":161,"column":16},"end":{"line":161,"column":16}},{"start":{"line":161,"column":16},"end":{"line":161,"column":16}}]},"9":{"line":166,"type":"if","locations":[{"start":{"line":166,"column":19},"end":{"line":166,"column":19}},{"start":{"line":166,"column":19},"end":{"line":166,"column":19}}]},"10":{"line":211,"type":"if","locations":[{"start":{"line":211,"column":8},"end":{"line":211,"column":8}},{"start":{"line":211,"column":8},"end":{"line":211,"column":8}}]},"11":{"line":215,"type":"if","locations":[{"start":{"line":215,"column":15},"end":{"line":215,"column":15}},{"start":{"line":215,"column":15},"end":{"line":215,"column":15}}]},"12":{"line":219,"type":"if","locations":[{"start":{"line":219,"column":15},"end":{"line":219,"column":15}},{"start":{"line":219,"column":15},"end":{"line":219,"column":15}}]},"13":{"line":224,"type":"if","locations":[{"start":{"line":224,"column":12},"end":{"line":224,"column":12}},{"start":{"line":224,"column":12},"end":{"line":224,"column":12}}]},"14":{"line":229,"type":"if","locations":[{"start":{"line":229,"column":19},"end":{"line":229,"column":19}},{"start":{"line":229,"column":19},"end":{"line":229,"column":19}}]}}},"contracts/lib/DODOMath.sol":{"l":{"37":43,"38":43,"39":43,"40":43,"41":43,"67":28,"68":28,"69":28,"70":28,"71":2,"73":26,"75":28,"76":22,"77":22,"79":6,"80":6,"84":28,"88":28,"91":28,"92":28,"93":22,"95":6,"111":115,"112":115,"113":115,"115":115},"path":"/Users/leimingda/Documents/dodo/contracts/lib/DODOMath.sol","s":{"1":43,"2":43,"3":43,"4":43,"5":43,"6":28,"7":28,"8":28,"9":28,"10":2,"11":26,"12":28,"13":22,"14":22,"15":6,"16":6,"17":28,"18":28,"19":28,"20":28,"21":22,"22":6,"23":115,"24":115,"25":115,"26":115},"b":{"1":[2,26],"2":[22,6],"3":[22,6]},"f":{"1":43,"2":28,"3":115},"fnMap":{"1":{"name":"_GeneralIntegrate","line":30,"loc":{"start":{"line":30,"column":4},"end":{"line":42,"column":4}}},"2":{"name":"_SolveQuadraticFunctionForTrade","line":58,"loc":{"start":{"line":58,"column":4},"end":{"line":97,"column":4}}},"3":{"name":"_SolveQuadraticFunctionForTarget","line":105,"loc":{"start":{"line":105,"column":4},"end":{"line":116,"column":4}}}},"statementMap":{"1":{"start":{"line":37,"column":8},"end":{"line":37,"column":59}},"2":{"start":{"line":38,"column":8},"end":{"line":38,"column":50}},"3":{"start":{"line":39,"column":8},"end":{"line":39,"column":50}},"4":{"start":{"line":40,"column":8},"end":{"line":40,"column":73}},"5":{"start":{"line":41,"column":8},"end":{"line":41,"column":79}},"6":{"start":{"line":67,"column":8},"end":{"line":67,"column":63}},"7":{"start":{"line":68,"column":8},"end":{"line":68,"column":63}},"8":{"start":{"line":69,"column":8},"end":{"line":69,"column":29}},"9":{"start":{"line":70,"column":8},"end":{"line":70,"column":2147}},"10":{"start":{"line":71,"column":12},"end":{"line":71,"column":29}},"11":{"start":{"line":73,"column":12},"end":{"line":73,"column":39}},"12":{"start":{"line":75,"column":8},"end":{"line":75,"column":2318}},"13":{"start":{"line":76,"column":12},"end":{"line":76,"column":28}},"14":{"start":{"line":77,"column":12},"end":{"line":77,"column":27}},"15":{"start":{"line":79,"column":12},"end":{"line":79,"column":28}},"16":{"start":{"line":80,"column":12},"end":{"line":80,"column":28}},"17":{"start":{"line":84,"column":8},"end":{"line":84,"column":2523}},"18":{"start":{"line":88,"column":8},"end":{"line":88,"column":51}},"19":{"start":{"line":91,"column":8},"end":{"line":91,"column":59}},"20":{"start":{"line":92,"column":8},"end":{"line":92,"column":2853}},"21":{"start":{"line":93,"column":12},"end":{"line":93,"column":71}},"22":{"start":{"line":95,"column":12},"end":{"line":95,"column":71}},"23":{"start":{"line":111,"column":8},"end":{"line":111,"column":86}},"24":{"start":{"line":112,"column":8},"end":{"line":112,"column":67}},"25":{"start":{"line":113,"column":8},"end":{"line":113,"column":83}},"26":{"start":{"line":115,"column":8},"end":{"line":115,"column":64}}},"branchMap":{"1":{"line":70,"type":"if","locations":[{"start":{"line":70,"column":8},"end":{"line":70,"column":8}},{"start":{"line":70,"column":8},"end":{"line":70,"column":8}}]},"2":{"line":75,"type":"if","locations":[{"start":{"line":75,"column":8},"end":{"line":75,"column":8}},{"start":{"line":75,"column":8},"end":{"line":75,"column":8}}]},"3":{"line":92,"type":"if","locations":[{"start":{"line":92,"column":8},"end":{"line":92,"column":8}},{"start":{"line":92,"column":8},"end":{"line":92,"column":8}}]}}},"contracts/lib/SafeERC20.sol":{"l":{"33":182,"42":153,"65":335,"66":335,"68":335,"71":335},"path":"/Users/leimingda/Documents/dodo/contracts/lib/SafeERC20.sol","s":{"1":182,"2":153,"3":335,"4":335,"5":335,"6":335},"b":{"1":[335,0],"2":[335,0],"3":[335,0]},"f":{"1":182,"2":153,"3":335},"fnMap":{"1":{"name":"safeTransfer","line":28,"loc":{"start":{"line":28,"column":4},"end":{"line":34,"column":4}}},"2":{"name":"safeTransferFrom","line":36,"loc":{"start":{"line":36,"column":4},"end":{"line":46,"column":4}}},"3":{"name":"_callOptionalReturn","line":54,"loc":{"start":{"line":54,"column":4},"end":{"line":73,"column":4}}}},"statementMap":{"1":{"start":{"line":33,"column":8},"end":{"line":33,"column":93}},"2":{"start":{"line":42,"column":8},"end":{"line":42,"column":1162}},"3":{"start":{"line":65,"column":8},"end":{"line":65,"column":75}},"4":{"start":{"line":66,"column":8},"end":{"line":66,"column":59}},"5":{"start":{"line":68,"column":8},"end":{"line":68,"column":2470}},"6":{"start":{"line":71,"column":12},"end":{"line":71,"column":96}}},"branchMap":{"1":{"line":66,"type":"if","locations":[{"start":{"line":66,"column":8},"end":{"line":66,"column":8}},{"start":{"line":66,"column":8},"end":{"line":66,"column":8}}]},"2":{"line":68,"type":"if","locations":[{"start":{"line":68,"column":8},"end":{"line":68,"column":8}},{"start":{"line":68,"column":8},"end":{"line":68,"column":8}}]},"3":{"line":71,"type":"if","locations":[{"start":{"line":71,"column":12},"end":{"line":71,"column":12}},{"start":{"line":71,"column":12},"end":{"line":71,"column":12}}]}}}}