{"contracts/DODO.sol":{"l":{"37":11,"38":10,"40":10,"41":10,"42":10,"43":10,"44":10,"46":10,"47":10,"48":10,"49":10,"51":10,"52":10,"53":10,"54":10,"56":10,"57":10,"59":10},"path":"/Users/leimingda/Documents/dodo/contracts/DODO.sol","s":{"1":11,"2":10,"3":10,"4":10,"5":10,"6":10,"7":10,"8":10,"9":10,"10":10,"11":10,"12":10,"13":10,"14":10,"15":10,"16":10,"17":10,"18":10},"b":{"1":[10,1]},"f":{"1":11},"fnMap":{"1":{"name":"init","line":36,"loc":{"start":{"line":26,"column":4},"end":{"line":60,"column":4}}}},"statementMap":{"1":{"start":{"line":37,"column":8},"end":{"line":37,"column":58}},"2":{"start":{"line":38,"column":8},"end":{"line":38,"column":27}},"3":{"start":{"line":40,"column":8},"end":{"line":40,"column":32}},"4":{"start":{"line":41,"column":8},"end":{"line":41,"column":32}},"5":{"start":{"line":42,"column":8},"end":{"line":42,"column":31}},"6":{"start":{"line":43,"column":8},"end":{"line":43,"column":33}},"7":{"start":{"line":44,"column":8},"end":{"line":44,"column":24}},"8":{"start":{"line":46,"column":8},"end":{"line":46,"column":36}},"9":{"start":{"line":47,"column":8},"end":{"line":47,"column":37}},"10":{"start":{"line":48,"column":8},"end":{"line":48,"column":29}},"11":{"start":{"line":49,"column":8},"end":{"line":49,"column":40}},"12":{"start":{"line":51,"column":8},"end":{"line":51,"column":32}},"13":{"start":{"line":52,"column":8},"end":{"line":52,"column":32}},"14":{"start":{"line":53,"column":8},"end":{"line":53,"column":14}},"15":{"start":{"line":54,"column":8},"end":{"line":54,"column":37}},"16":{"start":{"line":56,"column":8},"end":{"line":56,"column":56}},"17":{"start":{"line":57,"column":8},"end":{"line":57,"column":57}},"18":{"start":{"line":59,"column":8},"end":{"line":59,"column":29}}},"branchMap":{"1":{"line":37,"type":"if","locations":[{"start":{"line":37,"column":8},"end":{"line":37,"column":8}},{"start":{"line":37,"column":8},"end":{"line":37,"column":8}}]}}},"contracts/DODOEthProxy.sol":{"l":{"52":1,"53":1,"57":0,"61":1,"69":2,"70":1,"71":1,"72":1,"73":1,"74":1,"75":1,"76":1,"77":1,"78":1,"86":1,"87":1,"88":1,"89":1,"90":1,"91":1,"92":1,"93":1,"94":1,"95":1,"103":4,"104":3,"105":3,"106":3,"107":3,"108":3,"118":1,"126":1},"path":"/Users/leimingda/Documents/dodo/contracts/DODOEthProxy.sol","s":{"1":1,"2":1,"3":0,"4":2,"5":1,"6":1,"7":1,"8":1,"9":1,"10":1,"11":1,"12":1,"13":1,"14":1,"15":1,"16":1,"17":1,"18":1,"19":1,"20":1,"21":1,"22":1,"23":1,"24":4,"25":3,"26":3,"27":3,"28":3,"29":3,"30":1,"31":1},"b":{"1":[0,0],"2":[1,0],"3":[1,1],"4":[1,0],"5":[1,0],"6":[3,1]},"f":{"1":1,"2":0,"3":2,"4":1,"5":4,"6":1,"7":1},"fnMap":{"1":{"name":"constructor","line":51,"loc":{"start":{"line":51,"column":4},"end":{"line":54,"column":4}}},"2":{"name":null,"line":56,"loc":{"start":{"line":56,"column":4},"end":{"line":58,"column":4}}},"3":{"name":"sellEthTo","line":68,"loc":{"start":{"line":64,"column":4},"end":{"line":79,"column":4}}},"4":{"name":"buyEthWith","line":85,"loc":{"start":{"line":81,"column":4},"end":{"line":96,"column":4}}},"5":{"name":"depositEth","line":101,"loc":{"start":{"line":98,"column":4},"end":{"line":109,"column":4}}},"6":{"name":"_transferIn","line":113,"loc":{"start":{"line":113,"column":4},"end":{"line":119,"column":4}}},"7":{"name":"_transferOut","line":121,"loc":{"start":{"line":121,"column":4},"end":{"line":127,"column":4}}}},"statementMap":{"1":{"start":{"line":52,"column":8},"end":{"line":52,"column":27}},"2":{"start":{"line":53,"column":8},"end":{"line":53,"column":20}},"3":{"start":{"line":57,"column":8},"end":{"line":57,"column":60}},"4":{"start":{"line":69,"column":8},"end":{"line":69,"column":62}},"5":{"start":{"line":70,"column":8},"end":{"line":70,"column":78}},"6":{"start":{"line":71,"column":8},"end":{"line":71,"column":69}},"7":{"start":{"line":72,"column":8},"end":{"line":72,"column":81}},"8":{"start":{"line":73,"column":8},"end":{"line":73,"column":48}},"9":{"start":{"line":74,"column":8},"end":{"line":74,"column":45}},"10":{"start":{"line":75,"column":8},"end":{"line":75,"column":66}},"11":{"start":{"line":76,"column":8},"end":{"line":76,"column":70}},"12":{"start":{"line":77,"column":8},"end":{"line":77,"column":87}},"13":{"start":{"line":78,"column":8},"end":{"line":78,"column":33}},"14":{"start":{"line":86,"column":8},"end":{"line":86,"column":78}},"15":{"start":{"line":87,"column":8},"end":{"line":87,"column":64}},"16":{"start":{"line":88,"column":8},"end":{"line":88,"column":67}},"17":{"start":{"line":89,"column":8},"end":{"line":89,"column":65}},"18":{"start":{"line":90,"column":8},"end":{"line":90,"column":62}},"19":{"start":{"line":91,"column":8},"end":{"line":91,"column":61}},"20":{"start":{"line":92,"column":8},"end":{"line":92,"column":40}},"21":{"start":{"line":93,"column":8},"end":{"line":93,"column":37}},"22":{"start":{"line":94,"column":8},"end":{"line":94,"column":82}},"23":{"start":{"line":95,"column":8},"end":{"line":95,"column":29}},"24":{"start":{"line":103,"column":8},"end":{"line":103,"column":62}},"25":{"start":{"line":104,"column":8},"end":{"line":104,"column":78}},"26":{"start":{"line":105,"column":8},"end":{"line":105,"column":48}},"27":{"start":{"line":106,"column":8},"end":{"line":106,"column":45}},"28":{"start":{"line":107,"column":8},"end":{"line":107,"column":55}},"29":{"start":{"line":108,"column":8},"end":{"line":108,"column":70}},"30":{"start":{"line":118,"column":8},"end":{"line":118,"column":73}},"31":{"start":{"line":126,"column":8},"end":{"line":126,"column":52}}},"branchMap":{"1":{"line":57,"type":"if","locations":[{"start":{"line":57,"column":8},"end":{"line":57,"column":8}},{"start":{"line":57,"column":8},"end":{"line":57,"column":8}}]},"2":{"line":61,"type":"if","locations":[{"start":{"line":61,"column":8},"end":{"line":61,"column":8}},{"start":{"line":61,"column":8},"end":{"line":61,"column":8}}]},"3":{"line":69,"type":"if","locations":[{"start":{"line":69,"column":8},"end":{"line":69,"column":8}},{"start":{"line":69,"column":8},"end":{"line":69,"column":8}}]},"4":{"line":72,"type":"if","locations":[{"start":{"line":72,"column":8},"end":{"line":72,"column":8}},{"start":{"line":72,"column":8},"end":{"line":72,"column":8}}]},"5":{"line":88,"type":"if","locations":[{"start":{"line":88,"column":8},"end":{"line":88,"column":8}},{"start":{"line":88,"column":8},"end":{"line":88,"column":8}}]},"6":{"line":103,"type":"if","locations":[{"start":{"line":103,"column":8},"end":{"line":103,"column":8}},{"start":{"line":103,"column":8},"end":{"line":103,"column":8}}]}}},"contracts/DODOZoo.sol":{"l":{"42":12,"43":10,"44":10,"45":10,"56":10,"57":10,"58":10,"59":10,"65":12,"69":10,"71":2,"76":15},"path":"/Users/leimingda/Documents/dodo/contracts/DODOZoo.sol","s":{"1":12,"2":10,"3":10,"4":10,"5":10,"6":10,"7":10,"8":10,"9":12,"10":10,"11":2,"12":15},"b":{"1":[10,2],"2":[10,0],"3":[10,2]},"f":{"1":12,"2":12,"3":15},"fnMap":{"1":{"name":"breedDODO","line":41,"loc":{"start":{"line":31,"column":4},"end":{"line":60,"column":4}}},"2":{"name":"isDODORegistered","line":64,"loc":{"start":{"line":64,"column":4},"end":{"line":73,"column":4}}},"3":{"name":"getDODO","line":75,"loc":{"start":{"line":75,"column":4},"end":{"line":77,"column":4}}}},"statementMap":{"1":{"start":{"line":42,"column":8},"end":{"line":42,"column":78}},"2":{"start":{"line":43,"column":8},"end":{"line":43,"column":66}},"3":{"start":{"line":44,"column":8},"end":{"line":44,"column":49}},"4":{"start":{"line":45,"column":8},"end":{"line":45,"column":1105}},"5":{"start":{"line":56,"column":8},"end":{"line":56,"column":52}},"6":{"start":{"line":57,"column":8},"end":{"line":57,"column":59}},"7":{"start":{"line":58,"column":8},"end":{"line":58,"column":35}},"8":{"start":{"line":59,"column":8},"end":{"line":59,"column":26}},"9":{"start":{"line":65,"column":8},"end":{"line":65,"column":1687}},"10":{"start":{"line":69,"column":12},"end":{"line":69,"column":24}},"11":{"start":{"line":71,"column":12},"end":{"line":71,"column":23}},"12":{"start":{"line":76,"column":8},"end":{"line":76,"column":53}}},"branchMap":{"1":{"line":42,"type":"if","locations":[{"start":{"line":42,"column":8},"end":{"line":42,"column":8}},{"start":{"line":42,"column":8},"end":{"line":42,"column":8}}]},"2":{"line":43,"type":"if","locations":[{"start":{"line":43,"column":8},"end":{"line":43,"column":8}},{"start":{"line":43,"column":8},"end":{"line":43,"column":8}}]},"3":{"line":65,"type":"if","locations":[{"start":{"line":65,"column":8},"end":{"line":65,"column":8}},{"start":{"line":65,"column":8},"end":{"line":65,"column":8}}]}}},"contracts/impl/Admin.sol":{"l":{"28":1,"32":1,"36":1,"40":2,"41":2,"45":2,"46":2,"50":3,"51":3,"55":1,"56":1,"62":1,"66":1,"70":1,"74":1,"78":1,"82":1},"path":"/Users/leimingda/Documents/dodo/contracts/impl/Admin.sol","s":{"1":1,"2":1,"3":1,"4":2,"5":2,"6":2,"7":2,"8":3,"9":3,"10":1,"11":1,"12":1,"13":1,"14":1,"15":1,"16":1,"17":1},"b":{},"f":{"1":1,"2":1,"3":1,"4":2,"5":2,"6":3,"7":1,"8":1,"9":1,"10":1,"11":1,"12":1,"13":1},"fnMap":{"1":{"name":"setOracle","line":27,"loc":{"start":{"line":27,"column":4},"end":{"line":29,"column":4}}},"2":{"name":"setSupervisor","line":31,"loc":{"start":{"line":31,"column":4},"end":{"line":33,"column":4}}},"3":{"name":"setMaintainer","line":35,"loc":{"start":{"line":35,"column":4},"end":{"line":37,"column":4}}},"4":{"name":"setLiquidityProviderFeeRate","line":39,"loc":{"start":{"line":39,"column":4},"end":{"line":42,"column":4}}},"5":{"name":"setMaintainerFeeRate","line":44,"loc":{"start":{"line":44,"column":4},"end":{"line":47,"column":4}}},"6":{"name":"setK","line":49,"loc":{"start":{"line":49,"column":4},"end":{"line":52,"column":4}}},"7":{"name":"setGasPriceLimit","line":54,"loc":{"start":{"line":54,"column":4},"end":{"line":57,"column":4}}},"8":{"name":"disableTrading","line":61,"loc":{"start":{"line":61,"column":4},"end":{"line":63,"column":4}}},"9":{"name":"enableTrading","line":65,"loc":{"start":{"line":65,"column":4},"end":{"line":67,"column":4}}},"10":{"name":"disableQuoteDeposit","line":69,"loc":{"start":{"line":69,"column":4},"end":{"line":71,"column":4}}},"11":{"name":"enableQuoteDeposit","line":73,"loc":{"start":{"line":73,"column":4},"end":{"line":75,"column":4}}},"12":{"name":"disableBaseDeposit","line":77,"loc":{"start":{"line":77,"column":4},"end":{"line":79,"column":4}}},"13":{"name":"enableBaseDeposit","line":81,"loc":{"start":{"line":81,"column":4},"end":{"line":83,"column":4}}}},"statementMap":{"1":{"start":{"line":28,"column":8},"end":{"line":28,"column":27}},"2":{"start":{"line":32,"column":8},"end":{"line":32,"column":35}},"3":{"start":{"line":36,"column":8},"end":{"line":36,"column":35}},"4":{"start":{"line":40,"column":8},"end":{"line":40,"column":49}},"5":{"start":{"line":41,"column":8},"end":{"line":41,"column":29}},"6":{"start":{"line":45,"column":8},"end":{"line":45,"column":43}},"7":{"start":{"line":46,"column":8},"end":{"line":46,"column":29}},"8":{"start":{"line":50,"column":8},"end":{"line":50,"column":17}},"9":{"start":{"line":51,"column":8},"end":{"line":51,"column":29}},"10":{"start":{"line":55,"column":8},"end":{"line":55,"column":43}},"11":{"start":{"line":56,"column":8},"end":{"line":56,"column":50}},"12":{"start":{"line":62,"column":8},"end":{"line":62,"column":30}},"13":{"start":{"line":66,"column":8},"end":{"line":66,"column":29}},"14":{"start":{"line":70,"column":8},"end":{"line":70,"column":38}},"15":{"start":{"line":74,"column":8},"end":{"line":74,"column":37}},"16":{"start":{"line":78,"column":8},"end":{"line":78,"column":37}},"17":{"start":{"line":82,"column":8},"end":{"line":82,"column":36}}},"branchMap":{}},"contracts/impl/LiquidityProvider.sol":{"l":{"47":38,"48":37,"52":43,"53":42,"59":8,"63":39,"67":8,"71":37,"75":9,"79":8,"89":37,"90":37,"91":37,"92":37,"93":30,"95":37,"96":7,"99":37,"100":37,"101":37,"103":37,"107":42,"108":42,"109":42,"110":42,"111":34,"113":42,"114":8,"117":42,"118":42,"119":42,"121":42,"127":9,"128":9,"131":8,"132":8,"133":8,"139":7,"140":7,"143":5,"144":5,"145":5,"146":5,"148":5,"149":5,"151":5,"155":9,"156":9,"159":8,"160":8,"161":8,"167":7,"168":7,"171":5,"172":5,"173":5,"174":5,"176":5,"177":5,"179":5,"185":9,"186":9,"187":9,"190":8,"191":8,"194":8,"195":8,"196":8,"197":8,"199":8,"200":8,"202":8,"206":10,"207":10,"208":10,"211":9,"212":9,"215":9,"216":9,"217":9,"218":9,"220":9,"221":9,"223":9,"229":42,"233":37,"237":14,"241":13,"247":37,"248":37,"249":37,"250":1,"252":36,"253":36,"257":34,"258":34,"259":34,"260":1,"262":33,"263":33,"267":20,"268":7,"269":6,"270":6,"271":6,"272":6,"277":6,"282":6,"284":13,"289":22,"290":9,"291":8,"292":8,"293":8,"294":8,"299":8,"304":8,"306":13},"path":"/Users/leimingda/Documents/dodo/contracts/impl/LiquidityProvider.sol","s":{"1":38,"2":43,"3":8,"4":39,"5":8,"6":37,"7":9,"8":8,"9":37,"10":37,"11":37,"12":37,"13":30,"14":37,"15":7,"16":37,"17":37,"18":37,"19":37,"20":42,"21":42,"22":42,"23":42,"24":34,"25":42,"26":8,"27":42,"28":42,"29":42,"30":42,"31":9,"32":9,"33":8,"34":8,"35":8,"36":7,"37":7,"38":5,"39":5,"40":5,"41":5,"42":5,"43":5,"44":5,"45":9,"46":9,"47":8,"48":8,"49":8,"50":7,"51":7,"52":5,"53":5,"54":5,"55":5,"56":5,"57":5,"58":5,"59":9,"60":9,"61":9,"62":8,"63":8,"64":8,"65":8,"66":8,"67":8,"68":8,"69":8,"70":8,"71":10,"72":10,"73":10,"74":9,"75":9,"76":9,"77":9,"78":9,"79":9,"80":9,"81":9,"82":9,"83":42,"84":37,"85":14,"86":13,"87":37,"88":37,"89":37,"90":1,"91":36,"92":36,"93":34,"94":34,"95":34,"96":1,"97":33,"98":33,"99":20,"100":7,"101":6,"102":6,"103":6,"104":6,"105":6,"106":6,"107":13,"108":22,"109":9,"110":8,"111":8,"112":8,"113":8,"114":8,"115":8,"116":13},"b":{"1":[37,1],"2":[42,1],"3":[30,7],"4":[7,30],"5":[34,8],"6":[8,34],"7":[8,1],"8":[7,1],"9":[5,2],"10":[8,1],"11":[7,1],"12":[5,2],"13":[8,1],"14":[8,0],"15":[9,1],"16":[9,0],"17":[1,36],"18":[1,33],"19":[7,13],"20":[6,1],"21":[9,13],"22":[8,1]},"f":{"1":38,"2":43,"3":8,"4":39,"5":8,"6":37,"7":9,"8":8,"9":37,"10":42,"11":9,"12":9,"13":9,"14":10,"15":42,"16":37,"17":14,"18":13,"19":37,"20":34,"21":20,"22":22},"fnMap":{"1":{"name":"depositQuoteAllowed","line":46,"loc":{"start":{"line":46,"column":4},"end":{"line":49,"column":4}}},"2":{"name":"depositBaseAllowed","line":51,"loc":{"start":{"line":51,"column":4},"end":{"line":54,"column":4}}},"3":{"name":"withdrawBase","line":58,"loc":{"start":{"line":58,"column":4},"end":{"line":60,"column":4}}},"4":{"name":"depositBase","line":62,"loc":{"start":{"line":62,"column":4},"end":{"line":64,"column":4}}},"5":{"name":"withdrawQuote","line":66,"loc":{"start":{"line":66,"column":4},"end":{"line":68,"column":4}}},"6":{"name":"depositQuote","line":70,"loc":{"start":{"line":70,"column":4},"end":{"line":72,"column":4}}},"7":{"name":"withdrawAllBase","line":74,"loc":{"start":{"line":74,"column":4},"end":{"line":76,"column":4}}},"8":{"name":"withdrawAllQuote","line":78,"loc":{"start":{"line":78,"column":4},"end":{"line":80,"column":4}}},"9":{"name":"depositQuoteTo","line":87,"loc":{"start":{"line":84,"column":4},"end":{"line":104,"column":4}}},"10":{"name":"depositBaseTo","line":106,"loc":{"start":{"line":106,"column":4},"end":{"line":122,"column":4}}},"11":{"name":"withdrawQuoteTo","line":126,"loc":{"start":{"line":126,"column":4},"end":{"line":152,"column":4}}},"12":{"name":"withdrawBaseTo","line":154,"loc":{"start":{"line":154,"column":4},"end":{"line":180,"column":4}}},"13":{"name":"withdrawAllQuoteTo","line":184,"loc":{"start":{"line":184,"column":4},"end":{"line":203,"column":4}}},"14":{"name":"withdrawAllBaseTo","line":205,"loc":{"start":{"line":205,"column":4},"end":{"line":224,"column":4}}},"15":{"name":"_mintBaseTokenCapital","line":228,"loc":{"start":{"line":228,"column":4},"end":{"line":230,"column":4}}},"16":{"name":"_mintQuoteTokenCapital","line":232,"loc":{"start":{"line":232,"column":4},"end":{"line":234,"column":4}}},"17":{"name":"_burnBaseTokenCapital","line":236,"loc":{"start":{"line":236,"column":4},"end":{"line":238,"column":4}}},"18":{"name":"_burnQuoteTokenCapital","line":240,"loc":{"start":{"line":240,"column":4},"end":{"line":242,"column":4}}},"19":{"name":"getLpBaseBalance","line":246,"loc":{"start":{"line":246,"column":4},"end":{"line":254,"column":4}}},"20":{"name":"getLpQuoteBalance","line":256,"loc":{"start":{"line":256,"column":4},"end":{"line":264,"column":4}}},"21":{"name":"getWithdrawQuotePenalty","line":266,"loc":{"start":{"line":266,"column":4},"end":{"line":286,"column":4}}},"22":{"name":"getWithdrawBasePenalty","line":288,"loc":{"start":{"line":288,"column":4},"end":{"line":308,"column":4}}}},"statementMap":{"1":{"start":{"line":47,"column":8},"end":{"line":47,"column":68}},"2":{"start":{"line":52,"column":8},"end":{"line":52,"column":66}},"3":{"start":{"line":59,"column":8},"end":{"line":59,"column":49}},"4":{"start":{"line":63,"column":8},"end":{"line":63,"column":40}},"5":{"start":{"line":67,"column":8},"end":{"line":67,"column":50}},"6":{"start":{"line":71,"column":8},"end":{"line":71,"column":41}},"7":{"start":{"line":75,"column":8},"end":{"line":75,"column":44}},"8":{"start":{"line":79,"column":8},"end":{"line":79,"column":45}},"9":{"start":{"line":89,"column":8},"end":{"line":89,"column":54}},"10":{"start":{"line":90,"column":8},"end":{"line":90,"column":32}},"11":{"start":{"line":91,"column":8},"end":{"line":91,"column":58}},"12":{"start":{"line":92,"column":8},"end":{"line":92,"column":2660}},"13":{"start":{"line":93,"column":12},"end":{"line":93,"column":44}},"14":{"start":{"line":95,"column":8},"end":{"line":95,"column":2801}},"15":{"start":{"line":96,"column":12},"end":{"line":96,"column":67}},"16":{"start":{"line":99,"column":8},"end":{"line":99,"column":48}},"17":{"start":{"line":100,"column":8},"end":{"line":100,"column":42}},"18":{"start":{"line":101,"column":8},"end":{"line":101,"column":76}},"19":{"start":{"line":103,"column":8},"end":{"line":103,"column":54}},"20":{"start":{"line":107,"column":8},"end":{"line":107,"column":53}},"21":{"start":{"line":108,"column":8},"end":{"line":108,"column":32}},"22":{"start":{"line":109,"column":8},"end":{"line":109,"column":56}},"23":{"start":{"line":110,"column":8},"end":{"line":110,"column":3445}},"24":{"start":{"line":111,"column":12},"end":{"line":111,"column":43}},"25":{"start":{"line":113,"column":8},"end":{"line":113,"column":3583}},"26":{"start":{"line":114,"column":12},"end":{"line":114,"column":65}},"27":{"start":{"line":117,"column":8},"end":{"line":117,"column":47}},"28":{"start":{"line":118,"column":8},"end":{"line":118,"column":41}},"29":{"start":{"line":119,"column":8},"end":{"line":119,"column":74}},"30":{"start":{"line":121,"column":8},"end":{"line":121,"column":53}},"31":{"start":{"line":127,"column":8},"end":{"line":127,"column":35}},"32":{"start":{"line":128,"column":8},"end":{"line":128,"column":66}},"33":{"start":{"line":131,"column":8},"end":{"line":131,"column":54}},"34":{"start":{"line":132,"column":8},"end":{"line":132,"column":93}},"35":{"start":{"line":133,"column":8},"end":{"line":133,"column":4412}},"36":{"start":{"line":139,"column":8},"end":{"line":139,"column":57}},"37":{"start":{"line":140,"column":8},"end":{"line":140,"column":71}},"38":{"start":{"line":143,"column":8},"end":{"line":143,"column":76}},"39":{"start":{"line":144,"column":8},"end":{"line":144,"column":62}},"40":{"start":{"line":145,"column":8},"end":{"line":145,"column":54}},"41":{"start":{"line":146,"column":8},"end":{"line":146,"column":33}},"42":{"start":{"line":148,"column":8},"end":{"line":148,"column":68}},"43":{"start":{"line":149,"column":8},"end":{"line":149,"column":52}},"44":{"start":{"line":151,"column":8},"end":{"line":151,"column":34}},"45":{"start":{"line":155,"column":8},"end":{"line":155,"column":34}},"46":{"start":{"line":156,"column":8},"end":{"line":156,"column":65}},"47":{"start":{"line":159,"column":8},"end":{"line":159,"column":53}},"48":{"start":{"line":160,"column":8},"end":{"line":160,"column":90}},"49":{"start":{"line":161,"column":8},"end":{"line":161,"column":5560}},"50":{"start":{"line":167,"column":8},"end":{"line":167,"column":56}},"51":{"start":{"line":168,"column":8},"end":{"line":168,"column":71}},"52":{"start":{"line":171,"column":8},"end":{"line":171,"column":74}},"53":{"start":{"line":172,"column":8},"end":{"line":172,"column":60}},"54":{"start":{"line":173,"column":8},"end":{"line":173,"column":53}},"55":{"start":{"line":174,"column":8},"end":{"line":174,"column":32}},"56":{"start":{"line":176,"column":8},"end":{"line":176,"column":67}},"57":{"start":{"line":177,"column":8},"end":{"line":177,"column":51}},"58":{"start":{"line":179,"column":8},"end":{"line":179,"column":34}},"59":{"start":{"line":185,"column":8},"end":{"line":185,"column":35}},"60":{"start":{"line":186,"column":8},"end":{"line":186,"column":62}},"61":{"start":{"line":187,"column":8},"end":{"line":187,"column":74}},"62":{"start":{"line":190,"column":8},"end":{"line":190,"column":65}},"63":{"start":{"line":191,"column":8},"end":{"line":191,"column":79}},"64":{"start":{"line":194,"column":8},"end":{"line":194,"column":84}},"65":{"start":{"line":195,"column":8},"end":{"line":195,"column":79}},"66":{"start":{"line":196,"column":8},"end":{"line":196,"column":62}},"67":{"start":{"line":197,"column":8},"end":{"line":197,"column":33}},"68":{"start":{"line":199,"column":8},"end":{"line":199,"column":63}},"69":{"start":{"line":200,"column":8},"end":{"line":200,"column":52}},"70":{"start":{"line":202,"column":8},"end":{"line":202,"column":42}},"71":{"start":{"line":206,"column":8},"end":{"line":206,"column":34}},"72":{"start":{"line":207,"column":8},"end":{"line":207,"column":61}},"73":{"start":{"line":208,"column":8},"end":{"line":208,"column":73}},"74":{"start":{"line":211,"column":8},"end":{"line":211,"column":64}},"75":{"start":{"line":212,"column":8},"end":{"line":212,"column":79}},"76":{"start":{"line":215,"column":8},"end":{"line":215,"column":82}},"77":{"start":{"line":216,"column":8},"end":{"line":216,"column":77}},"78":{"start":{"line":217,"column":8},"end":{"line":217,"column":61}},"79":{"start":{"line":218,"column":8},"end":{"line":218,"column":32}},"80":{"start":{"line":220,"column":8},"end":{"line":220,"column":62}},"81":{"start":{"line":221,"column":8},"end":{"line":221,"column":51}},"82":{"start":{"line":223,"column":8},"end":{"line":223,"column":42}},"83":{"start":{"line":229,"column":8},"end":{"line":229,"column":60}},"84":{"start":{"line":233,"column":8},"end":{"line":233,"column":61}},"85":{"start":{"line":237,"column":8},"end":{"line":237,"column":60}},"86":{"start":{"line":241,"column":8},"end":{"line":241,"column":61}},"87":{"start":{"line":247,"column":8},"end":{"line":247,"column":56}},"88":{"start":{"line":248,"column":8},"end":{"line":248,"column":53}},"89":{"start":{"line":249,"column":8},"end":{"line":249,"column":9114}},"90":{"start":{"line":250,"column":12},"end":{"line":250,"column":20}},"91":{"start":{"line":252,"column":8},"end":{"line":252,"column":84}},"92":{"start":{"line":253,"column":8},"end":{"line":253,"column":24}},"93":{"start":{"line":257,"column":8},"end":{"line":257,"column":58}},"94":{"start":{"line":258,"column":8},"end":{"line":258,"column":54}},"95":{"start":{"line":259,"column":8},"end":{"line":259,"column":9504}},"96":{"start":{"line":260,"column":12},"end":{"line":260,"column":20}},"97":{"start":{"line":262,"column":8},"end":{"line":262,"column":87}},"98":{"start":{"line":263,"column":8},"end":{"line":263,"column":24}},"99":{"start":{"line":267,"column":8},"end":{"line":267,"column":9790}},"100":{"start":{"line":268,"column":12},"end":{"line":268,"column":77}},"101":{"start":{"line":269,"column":12},"end":{"line":269,"column":78}},"102":{"start":{"line":270,"column":12},"end":{"line":270,"column":44}},"103":{"start":{"line":271,"column":12},"end":{"line":271,"column":66}},"104":{"start":{"line":272,"column":12},"end":{"line":272,"column":10126}},"105":{"start":{"line":277,"column":12},"end":{"line":277,"column":10299}},"106":{"start":{"line":282,"column":12},"end":{"line":282,"column":71}},"107":{"start":{"line":284,"column":12},"end":{"line":284,"column":20}},"108":{"start":{"line":289,"column":8},"end":{"line":289,"column":10708}},"109":{"start":{"line":290,"column":12},"end":{"line":290,"column":75}},"110":{"start":{"line":291,"column":12},"end":{"line":291,"column":81}},"111":{"start":{"line":292,"column":12},"end":{"line":292,"column":44}},"112":{"start":{"line":293,"column":12},"end":{"line":293,"column":72}},"113":{"start":{"line":294,"column":12},"end":{"line":294,"column":11051}},"114":{"start":{"line":299,"column":12},"end":{"line":299,"column":11222}},"115":{"start":{"line":304,"column":12},"end":{"line":304,"column":69}},"116":{"start":{"line":306,"column":12},"end":{"line":306,"column":20}}},"branchMap":{"1":{"line":47,"type":"if","locations":[{"start":{"line":47,"column":8},"end":{"line":47,"column":8}},{"start":{"line":47,"column":8},"end":{"line":47,"column":8}}]},"2":{"line":52,"type":"if","locations":[{"start":{"line":52,"column":8},"end":{"line":52,"column":8}},{"start":{"line":52,"column":8},"end":{"line":52,"column":8}}]},"3":{"line":92,"type":"if","locations":[{"start":{"line":92,"column":8},"end":{"line":92,"column":8}},{"start":{"line":92,"column":8},"end":{"line":92,"column":8}}]},"4":{"line":95,"type":"if","locations":[{"start":{"line":95,"column":8},"end":{"line":95,"column":8}},{"start":{"line":95,"column":8},"end":{"line":95,"column":8}}]},"5":{"line":110,"type":"if","locations":[{"start":{"line":110,"column":8},"end":{"line":110,"column":8}},{"start":{"line":110,"column":8},"end":{"line":110,"column":8}}]},"6":{"line":113,"type":"if","locations":[{"start":{"line":113,"column":8},"end":{"line":113,"column":8}},{"start":{"line":113,"column":8},"end":{"line":113,"column":8}}]},"7":{"line":128,"type":"if","locations":[{"start":{"line":128,"column":8},"end":{"line":128,"column":8}},{"start":{"line":128,"column":8},"end":{"line":128,"column":8}}]},"8":{"line":133,"type":"if","locations":[{"start":{"line":133,"column":8},"end":{"line":133,"column":8}},{"start":{"line":133,"column":8},"end":{"line":133,"column":8}}]},"9":{"line":140,"type":"if","locations":[{"start":{"line":140,"column":8},"end":{"line":140,"column":8}},{"start":{"line":140,"column":8},"end":{"line":140,"column":8}}]},"10":{"line":156,"type":"if","locations":[{"start":{"line":156,"column":8},"end":{"line":156,"column":8}},{"start":{"line":156,"column":8},"end":{"line":156,"column":8}}]},"11":{"line":161,"type":"if","locations":[{"start":{"line":161,"column":8},"end":{"line":161,"column":8}},{"start":{"line":161,"column":8},"end":{"line":161,"column":8}}]},"12":{"line":168,"type":"if","locations":[{"start":{"line":168,"column":8},"end":{"line":168,"column":8}},{"start":{"line":168,"column":8},"end":{"line":168,"column":8}}]},"13":{"line":187,"type":"if","locations":[{"start":{"line":187,"column":8},"end":{"line":187,"column":8}},{"start":{"line":187,"column":8},"end":{"line":187,"column":8}}]},"14":{"line":191,"type":"if","locations":[{"start":{"line":191,"column":8},"end":{"line":191,"column":8}},{"start":{"line":191,"column":8},"end":{"line":191,"column":8}}]},"15":{"line":208,"type":"if","locations":[{"start":{"line":208,"column":8},"end":{"line":208,"column":8}},{"start":{"line":208,"column":8},"end":{"line":208,"column":8}}]},"16":{"line":212,"type":"if","locations":[{"start":{"line":212,"column":8},"end":{"line":212,"column":8}},{"start":{"line":212,"column":8},"end":{"line":212,"column":8}}]},"17":{"line":249,"type":"if","locations":[{"start":{"line":249,"column":8},"end":{"line":249,"column":8}},{"start":{"line":249,"column":8},"end":{"line":249,"column":8}}]},"18":{"line":259,"type":"if","locations":[{"start":{"line":259,"column":8},"end":{"line":259,"column":8}},{"start":{"line":259,"column":8},"end":{"line":259,"column":8}}]},"19":{"line":267,"type":"if","locations":[{"start":{"line":267,"column":8},"end":{"line":267,"column":8}},{"start":{"line":267,"column":8},"end":{"line":267,"column":8}}]},"20":{"line":268,"type":"if","locations":[{"start":{"line":268,"column":12},"end":{"line":268,"column":12}},{"start":{"line":268,"column":12},"end":{"line":268,"column":12}}]},"21":{"line":289,"type":"if","locations":[{"start":{"line":289,"column":8},"end":{"line":289,"column":8}},{"start":{"line":289,"column":8},"end":{"line":289,"column":8}}]},"22":{"line":290,"type":"if","locations":[{"start":{"line":290,"column":12},"end":{"line":290,"column":12}},{"start":{"line":290,"column":12},"end":{"line":290,"column":12}}]}}},"contracts/impl/Pricing.sol":{"l":{"34":25,"35":25,"44":25,"52":35,"53":33,"54":33,"55":33,"65":1,"66":1,"73":1,"84":2,"85":2,"92":2,"101":34,"102":34,"103":34,"104":34,"109":34,"119":7,"120":6,"121":6,"132":5,"133":5,"142":51,"143":51,"144":51,"145":51,"150":51,"156":246,"157":246,"158":246,"159":161,"161":34,"162":34,"164":51,"165":51,"174":44,"175":44},"path":"/Users/leimingda/Documents/dodo/contracts/impl/Pricing.sol","s":{"1":25,"2":25,"3":25,"4":35,"5":33,"6":33,"7":33,"8":1,"9":1,"10":1,"11":2,"12":2,"13":2,"14":34,"15":34,"16":34,"17":34,"18":34,"19":7,"20":6,"21":6,"22":5,"23":5,"24":51,"25":51,"26":51,"27":51,"28":51,"29":246,"30":246,"31":246,"32":161,"33":85,"34":34,"35":34,"36":51,"37":51,"38":51,"39":44,"40":44},"b":{"1":[33,2],"2":[6,1],"3":[161,85],"4":[34,51],"5":[51,0]},"f":{"1":25,"2":35,"3":1,"4":2,"5":34,"6":7,"7":5,"8":51,"9":246,"10":44},"fnMap":{"1":{"name":"_ROneSellBaseToken","line":29,"loc":{"start":{"line":29,"column":4},"end":{"line":45,"column":4}}},"2":{"name":"_ROneBuyBaseToken","line":47,"loc":{"start":{"line":47,"column":4},"end":{"line":56,"column":4}}},"3":{"name":"_RBelowSellBaseToken","line":60,"loc":{"start":{"line":60,"column":4},"end":{"line":74,"column":4}}},"4":{"name":"_RBelowBuylBaseToken","line":76,"loc":{"start":{"line":76,"column":4},"end":{"line":93,"column":4}}},"5":{"name":"_RBelowBackToOne","line":95,"loc":{"start":{"line":95,"column":4},"end":{"line":110,"column":4}}},"6":{"name":"_RAboveBuyBaseToken","line":114,"loc":{"start":{"line":114,"column":4},"end":{"line":122,"column":4}}},"7":{"name":"_RAboveSellBaseToken","line":124,"loc":{"start":{"line":124,"column":4},"end":{"line":134,"column":4}}},"8":{"name":"_RAboveBackToOne","line":136,"loc":{"start":{"line":136,"column":4},"end":{"line":151,"column":4}}},"9":{"name":"_getExpectedTarget","line":155,"loc":{"start":{"line":155,"column":4},"end":{"line":167,"column":4}}},"10":{"name":"_RAboveIntegrate","line":169,"loc":{"start":{"line":169,"column":4},"end":{"line":176,"column":4}}}},"statementMap":{"1":{"start":{"line":34,"column":8},"end":{"line":34,"column":36}},"2":{"start":{"line":35,"column":8},"end":{"line":35,"column":783}},"3":{"start":{"line":44,"column":8},"end":{"line":44,"column":45}},"4":{"start":{"line":52,"column":8},"end":{"line":52,"column":84}},"5":{"start":{"line":53,"column":8},"end":{"line":53,"column":54}},"6":{"start":{"line":54,"column":8},"end":{"line":54,"column":89}},"7":{"start":{"line":55,"column":8},"end":{"line":55,"column":28}},"8":{"start":{"line":65,"column":8},"end":{"line":65,"column":36}},"9":{"start":{"line":66,"column":8},"end":{"line":66,"column":1874}},"10":{"start":{"line":73,"column":8},"end":{"line":73,"column":40}},"11":{"start":{"line":84,"column":8},"end":{"line":84,"column":36}},"12":{"start":{"line":85,"column":8},"end":{"line":85,"column":2496}},"13":{"start":{"line":92,"column":8},"end":{"line":92,"column":35}},"14":{"start":{"line":101,"column":8},"end":{"line":101,"column":74}},"15":{"start":{"line":102,"column":8},"end":{"line":102,"column":40}},"16":{"start":{"line":103,"column":8},"end":{"line":103,"column":62}},"17":{"start":{"line":104,"column":8},"end":{"line":104,"column":3168}},"18":{"start":{"line":109,"column":8},"end":{"line":109,"column":63}},"19":{"start":{"line":119,"column":8},"end":{"line":119,"column":74}},"20":{"start":{"line":120,"column":8},"end":{"line":120,"column":44}},"21":{"start":{"line":121,"column":8},"end":{"line":121,"column":66}},"22":{"start":{"line":132,"column":8},"end":{"line":132,"column":44}},"23":{"start":{"line":133,"column":8},"end":{"line":133,"column":66}},"24":{"start":{"line":142,"column":8},"end":{"line":142,"column":77}},"25":{"start":{"line":143,"column":8},"end":{"line":143,"column":40}},"26":{"start":{"line":144,"column":8},"end":{"line":144,"column":68}},"27":{"start":{"line":145,"column":8},"end":{"line":145,"column":4694}},"28":{"start":{"line":150,"column":8},"end":{"line":150,"column":62}},"29":{"start":{"line":156,"column":8},"end":{"line":156,"column":35}},"30":{"start":{"line":157,"column":8},"end":{"line":157,"column":34}},"31":{"start":{"line":158,"column":8},"end":{"line":158,"column":5142}},"32":{"start":{"line":159,"column":12},"end":{"line":159,"column":76}},"33":{"start":{"line":160,"column":15},"end":{"line":160,"column":5274}},"34":{"start":{"line":161,"column":12},"end":{"line":161,"column":82}},"35":{"start":{"line":162,"column":12},"end":{"line":162,"column":66}},"36":{"start":{"line":163,"column":15},"end":{"line":163,"column":5486}},"37":{"start":{"line":164,"column":12},"end":{"line":164,"column":82}},"38":{"start":{"line":165,"column":12},"end":{"line":165,"column":66}},"39":{"start":{"line":174,"column":8},"end":{"line":174,"column":36}},"40":{"start":{"line":175,"column":8},"end":{"line":175,"column":61}}},"branchMap":{"1":{"line":52,"type":"if","locations":[{"start":{"line":52,"column":8},"end":{"line":52,"column":8}},{"start":{"line":52,"column":8},"end":{"line":52,"column":8}}]},"2":{"line":119,"type":"if","locations":[{"start":{"line":119,"column":8},"end":{"line":119,"column":8}},{"start":{"line":119,"column":8},"end":{"line":119,"column":8}}]},"3":{"line":158,"type":"if","locations":[{"start":{"line":158,"column":8},"end":{"line":158,"column":8}},{"start":{"line":158,"column":8},"end":{"line":158,"column":8}}]},"4":{"line":160,"type":"if","locations":[{"start":{"line":160,"column":15},"end":{"line":160,"column":15}},{"start":{"line":160,"column":15},"end":{"line":160,"column":15}}]},"5":{"line":163,"type":"if","locations":[{"start":{"line":163,"column":15},"end":{"line":163,"column":15}},{"start":{"line":163,"column":15},"end":{"line":163,"column":15}}]}}},"contracts/impl/Settlement.sol":{"l":{"40":74,"41":74,"45":80,"46":80,"50":102,"51":102,"55":79,"56":79,"62":57,"63":57,"67":45,"68":45,"72":1,"73":1,"77":1,"78":1,"85":4,"86":4,"87":4,"88":4,"89":4,"90":4,"92":4,"93":1,"95":3,"96":2,"97":2,"98":2,"100":1,"101":1,"102":1,"104":3,"109":6,"110":5,"111":4,"112":4,"116":4,"120":4,"121":4,"122":4,"123":4,"128":4,"129":2,"134":3,"135":2,"140":2},"path":"/Users/leimingda/Documents/dodo/contracts/impl/Settlement.sol","s":{"1":74,"2":74,"3":80,"4":80,"5":102,"6":102,"7":79,"8":79,"9":57,"10":57,"11":45,"12":45,"13":1,"14":1,"15":1,"16":1,"17":4,"18":4,"19":4,"20":4,"21":4,"22":4,"23":4,"24":1,"25":3,"26":2,"27":2,"28":2,"29":1,"30":1,"31":1,"32":3,"33":6,"34":5,"35":4,"36":4,"37":4,"38":4,"39":4,"40":4,"41":4,"42":4,"43":2,"44":3,"45":2,"46":2},"b":{"1":[1,3],"2":[2,1],"3":[5,1],"4":[4,1],"5":[2,2],"6":[1,1],"7":[2,1],"8":[1,1]},"f":{"1":74,"2":80,"3":102,"4":79,"5":57,"6":45,"7":1,"8":1,"9":4,"10":6,"11":4},"fnMap":{"1":{"name":"_baseTokenTransferIn","line":39,"loc":{"start":{"line":39,"column":4},"end":{"line":42,"column":4}}},"2":{"name":"_quoteTokenTransferIn","line":44,"loc":{"start":{"line":44,"column":4},"end":{"line":47,"column":4}}},"3":{"name":"_baseTokenTransferOut","line":49,"loc":{"start":{"line":49,"column":4},"end":{"line":52,"column":4}}},"4":{"name":"_quoteTokenTransferOut","line":54,"loc":{"start":{"line":54,"column":4},"end":{"line":57,"column":4}}},"5":{"name":"_donateBaseToken","line":61,"loc":{"start":{"line":61,"column":4},"end":{"line":64,"column":4}}},"6":{"name":"_donateQuoteToken","line":66,"loc":{"start":{"line":66,"column":4},"end":{"line":69,"column":4}}},"7":{"name":"donateBaseToken","line":71,"loc":{"start":{"line":71,"column":4},"end":{"line":74,"column":4}}},"8":{"name":"donateQuoteToken","line":76,"loc":{"start":{"line":76,"column":4},"end":{"line":79,"column":4}}},"9":{"name":"finalSettlement","line":84,"loc":{"start":{"line":84,"column":4},"end":{"line":105,"column":4}}},"10":{"name":"claim","line":108,"loc":{"start":{"line":108,"column":4},"end":{"line":124,"column":4}}},"11":{"name":"retrieve","line":127,"loc":{"start":{"line":127,"column":4},"end":{"line":141,"column":4}}}},"statementMap":{"1":{"start":{"line":40,"column":8},"end":{"line":40,"column":73}},"2":{"start":{"line":41,"column":8},"end":{"line":41,"column":50}},"3":{"start":{"line":45,"column":8},"end":{"line":45,"column":74}},"4":{"start":{"line":46,"column":8},"end":{"line":46,"column":52}},"5":{"start":{"line":50,"column":8},"end":{"line":50,"column":52}},"6":{"start":{"line":51,"column":8},"end":{"line":51,"column":50}},"7":{"start":{"line":55,"column":8},"end":{"line":55,"column":53}},"8":{"start":{"line":56,"column":8},"end":{"line":56,"column":52}},"9":{"start":{"line":62,"column":8},"end":{"line":62,"column":74}},"10":{"start":{"line":63,"column":8},"end":{"line":63,"column":36}},"11":{"start":{"line":67,"column":8},"end":{"line":67,"column":76}},"12":{"start":{"line":68,"column":8},"end":{"line":68,"column":37}},"13":{"start":{"line":72,"column":8},"end":{"line":72,"column":47}},"14":{"start":{"line":73,"column":8},"end":{"line":73,"column":31}},"15":{"start":{"line":77,"column":8},"end":{"line":77,"column":48}},"16":{"start":{"line":78,"column":8},"end":{"line":78,"column":32}},"17":{"start":{"line":85,"column":8},"end":{"line":85,"column":22}},"18":{"start":{"line":86,"column":8},"end":{"line":86,"column":38}},"19":{"start":{"line":87,"column":8},"end":{"line":87,"column":37}},"20":{"start":{"line":88,"column":8},"end":{"line":88,"column":30}},"21":{"start":{"line":89,"column":8},"end":{"line":89,"column":56}},"22":{"start":{"line":90,"column":8},"end":{"line":90,"column":58}},"23":{"start":{"line":92,"column":8},"end":{"line":92,"column":2792}},"24":{"start":{"line":93,"column":12},"end":{"line":93,"column":18}},"25":{"start":{"line":95,"column":8},"end":{"line":95,"column":2869}},"26":{"start":{"line":96,"column":12},"end":{"line":96,"column":54}},"27":{"start":{"line":97,"column":12},"end":{"line":97,"column":81}},"28":{"start":{"line":98,"column":12},"end":{"line":98,"column":92}},"29":{"start":{"line":100,"column":12},"end":{"line":100,"column":56}},"30":{"start":{"line":101,"column":12},"end":{"line":101,"column":78}},"31":{"start":{"line":102,"column":12},"end":{"line":102,"column":92}},"32":{"start":{"line":104,"column":8},"end":{"line":104,"column":37}},"33":{"start":{"line":109,"column":8},"end":{"line":109,"column":43}},"34":{"start":{"line":110,"column":8},"end":{"line":110,"column":57}},"35":{"start":{"line":111,"column":8},"end":{"line":111,"column":35}},"36":{"start":{"line":112,"column":8},"end":{"line":112,"column":3695}},"37":{"start":{"line":116,"column":8},"end":{"line":116,"column":3843}},"38":{"start":{"line":120,"column":8},"end":{"line":120,"column":52}},"39":{"start":{"line":121,"column":8},"end":{"line":121,"column":54}},"40":{"start":{"line":122,"column":8},"end":{"line":122,"column":30}},"41":{"start":{"line":123,"column":8},"end":{"line":123,"column":14}},"42":{"start":{"line":128,"column":8},"end":{"line":128,"column":4284}},"43":{"start":{"line":129,"column":12},"end":{"line":129,"column":4329}},"44":{"start":{"line":134,"column":8},"end":{"line":134,"column":4507}},"45":{"start":{"line":135,"column":12},"end":{"line":135,"column":4553}},"46":{"start":{"line":140,"column":8},"end":{"line":140,"column":53}}},"branchMap":{"1":{"line":92,"type":"if","locations":[{"start":{"line":92,"column":8},"end":{"line":92,"column":8}},{"start":{"line":92,"column":8},"end":{"line":92,"column":8}}]},"2":{"line":95,"type":"if","locations":[{"start":{"line":95,"column":8},"end":{"line":95,"column":8}},{"start":{"line":95,"column":8},"end":{"line":95,"column":8}}]},"3":{"line":109,"type":"if","locations":[{"start":{"line":109,"column":8},"end":{"line":109,"column":8}},{"start":{"line":109,"column":8},"end":{"line":109,"column":8}}]},"4":{"line":110,"type":"if","locations":[{"start":{"line":110,"column":8},"end":{"line":110,"column":8}},{"start":{"line":110,"column":8},"end":{"line":110,"column":8}}]},"5":{"line":128,"type":"if","locations":[{"start":{"line":128,"column":8},"end":{"line":128,"column":8}},{"start":{"line":128,"column":8},"end":{"line":128,"column":8}}]},"6":{"line":129,"type":"if","locations":[{"start":{"line":129,"column":12},"end":{"line":129,"column":12}},{"start":{"line":129,"column":12},"end":{"line":129,"column":12}}]},"7":{"line":134,"type":"if","locations":[{"start":{"line":134,"column":8},"end":{"line":134,"column":8}},{"start":{"line":134,"column":8},"end":{"line":134,"column":8}}]},"8":{"line":135,"type":"if","locations":[{"start":{"line":135,"column":12},"end":{"line":135,"column":12}},{"start":{"line":135,"column":12},"end":{"line":135,"column":12}}]}}},"contracts/impl/Storage.sol":{"l":{"71":8,"72":4,"76":11,"77":7,"83":17,"84":16,"85":15,"89":171,"93":58,"97":91,"101":57,"105":83},"path":"/Users/leimingda/Documents/dodo/contracts/impl/Storage.sol","s":{"1":8,"2":11,"3":17,"4":16,"5":15,"6":171,"7":58,"8":91,"9":57,"10":83},"b":{"1":[4,4],"2":[7,4],"3":[16,1],"4":[15,1],"5":[13,2]},"f":{"1":8,"2":11,"3":17,"4":171,"5":58,"6":91,"7":57,"8":83},"fnMap":{"1":{"name":"onlySupervisorOrOwner","line":70,"loc":{"start":{"line":70,"column":4},"end":{"line":73,"column":4}}},"2":{"name":"notClosed","line":75,"loc":{"start":{"line":75,"column":4},"end":{"line":78,"column":4}}},"3":{"name":"_checkDODOParameters","line":82,"loc":{"start":{"line":82,"column":4},"end":{"line":86,"column":4}}},"4":{"name":"getOraclePrice","line":88,"loc":{"start":{"line":88,"column":4},"end":{"line":90,"column":4}}},"5":{"name":"getBaseCapitalBalanceOf","line":92,"loc":{"start":{"line":92,"column":4},"end":{"line":94,"column":4}}},"6":{"name":"getTotalBaseCapital","line":96,"loc":{"start":{"line":96,"column":4},"end":{"line":98,"column":4}}},"7":{"name":"getQuoteCapitalBalanceOf","line":100,"loc":{"start":{"line":100,"column":4},"end":{"line":102,"column":4}}},"8":{"name":"getTotalQuoteCapital","line":104,"loc":{"start":{"line":104,"column":4},"end":{"line":106,"column":4}}}},"statementMap":{"1":{"start":{"line":71,"column":8},"end":{"line":71,"column":94}},"2":{"start":{"line":76,"column":8},"end":{"line":76,"column":43}},"3":{"start":{"line":83,"column":8},"end":{"line":83,"column":64}},"4":{"start":{"line":84,"column":8},"end":{"line":84,"column":54}},"5":{"start":{"line":85,"column":8},"end":{"line":85,"column":95}},"6":{"start":{"line":89,"column":8},"end":{"line":89,"column":43}},"7":{"start":{"line":93,"column":8},"end":{"line":93,"column":63}},"8":{"start":{"line":97,"column":8},"end":{"line":97,"column":63}},"9":{"start":{"line":101,"column":8},"end":{"line":101,"column":64}},"10":{"start":{"line":105,"column":8},"end":{"line":105,"column":64}}},"branchMap":{"1":{"line":71,"type":"if","locations":[{"start":{"line":71,"column":8},"end":{"line":71,"column":8}},{"start":{"line":71,"column":8},"end":{"line":71,"column":8}}]},"2":{"line":76,"type":"if","locations":[{"start":{"line":76,"column":8},"end":{"line":76,"column":8}},{"start":{"line":76,"column":8},"end":{"line":76,"column":8}}]},"3":{"line":83,"type":"if","locations":[{"start":{"line":83,"column":8},"end":{"line":83,"column":8}},{"start":{"line":83,"column":8},"end":{"line":83,"column":8}}]},"4":{"line":84,"type":"if","locations":[{"start":{"line":84,"column":8},"end":{"line":84,"column":8}},{"start":{"line":84,"column":8},"end":{"line":84,"column":8}}]},"5":{"line":85,"type":"if","locations":[{"start":{"line":85,"column":8},"end":{"line":85,"column":8}},{"start":{"line":85,"column":8},"end":{"line":85,"column":8}}]}}},"contracts/impl/Trader.sol":{"l":{"39":81,"40":80,"44":80,"45":78,"58":32,"66":32,"69":31,"70":31,"71":31,"74":31,"75":31,"76":31,"78":31,"79":31,"80":31,"82":31,"93":46,"101":43,"104":42,"105":42,"106":42,"109":42,"110":42,"111":42,"113":42,"114":42,"115":42,"117":42,"123":1,"124":1,"128":1,"129":1,"144":33,"146":33,"148":33,"151":21,"152":21,"154":11,"155":11,"158":11,"160":5,"161":5,"162":5,"165":0,"169":2,"170":2,"173":4,"176":4,"181":1,"182":1,"186":33,"187":33,"188":33,"190":33,"205":47,"208":47,"209":47,"210":47,"212":47,"214":32,"215":30,"218":7,"219":6,"221":8,"222":8,"225":8,"227":2,"228":2,"231":3,"232":3,"235":3,"238":3,"242":44},"path":"/Users/leimingda/Documents/dodo/contracts/impl/Trader.sol","s":{"1":81,"2":80,"3":32,"4":32,"5":31,"6":31,"7":31,"8":31,"9":31,"10":31,"11":31,"12":31,"13":31,"14":31,"15":46,"16":43,"17":42,"18":42,"19":42,"20":42,"21":42,"22":42,"23":42,"24":42,"25":42,"26":42,"27":1,"28":1,"29":1,"30":1,"31":33,"32":33,"33":33,"34":21,"35":21,"36":12,"37":11,"38":11,"39":11,"40":5,"41":5,"42":5,"43":0,"44":6,"45":2,"46":2,"47":4,"48":4,"49":1,"50":1,"51":33,"52":33,"53":33,"54":33,"55":47,"56":47,"57":47,"58":47,"59":47,"60":32,"61":30,"62":15,"63":7,"64":6,"65":8,"66":8,"67":8,"68":8,"69":2,"70":2,"71":6,"72":3,"73":3,"74":3,"75":3,"76":44},"b":{"1":[80,1],"2":[78,2],"3":[31,1],"4":[42,1],"5":[21,12],"6":[11,1],"7":[5,6],"8":[0,5],"9":[2,4],"10":[32,15],"11":[7,8],"12":[8,0],"13":[2,6],"14":[3,3]},"f":{"1":81,"2":80,"3":32,"4":46,"5":1,"6":1,"7":33,"8":47},"fnMap":{"1":{"name":"tradeAllowed","line":38,"loc":{"start":{"line":38,"column":4},"end":{"line":41,"column":4}}},"2":{"name":"gasPriceLimit","line":43,"loc":{"start":{"line":43,"column":4},"end":{"line":46,"column":4}}},"3":{"name":"sellBaseToken","line":54,"loc":{"start":{"line":50,"column":4},"end":{"line":83,"column":4}}},"4":{"name":"buyBaseToken","line":89,"loc":{"start":{"line":85,"column":4},"end":{"line":118,"column":4}}},"5":{"name":"querySellBaseToken","line":122,"loc":{"start":{"line":122,"column":4},"end":{"line":125,"column":4}}},"6":{"name":"queryBuyBaseToken","line":127,"loc":{"start":{"line":127,"column":4},"end":{"line":130,"column":4}}},"7":{"name":"_querySellBaseToken","line":132,"loc":{"start":{"line":132,"column":4},"end":{"line":191,"column":4}}},"8":{"name":"_queryBuyBaseToken","line":193,"loc":{"start":{"line":193,"column":4},"end":{"line":243,"column":4}}}},"statementMap":{"1":{"start":{"line":39,"column":8},"end":{"line":39,"column":52}},"2":{"start":{"line":44,"column":8},"end":{"line":44,"column":68}},"3":{"start":{"line":58,"column":8},"end":{"line":58,"column":1427}},"4":{"start":{"line":66,"column":8},"end":{"line":66,"column":79}},"5":{"start":{"line":69,"column":8},"end":{"line":69,"column":47}},"6":{"start":{"line":70,"column":8},"end":{"line":70,"column":55}},"7":{"start":{"line":71,"column":8},"end":{"line":71,"column":55}},"8":{"start":{"line":74,"column":8},"end":{"line":74,"column":51}},"9":{"start":{"line":75,"column":8},"end":{"line":75,"column":49}},"10":{"start":{"line":76,"column":8},"end":{"line":76,"column":30}},"11":{"start":{"line":78,"column":8},"end":{"line":78,"column":36}},"12":{"start":{"line":79,"column":8},"end":{"line":79,"column":60}},"13":{"start":{"line":80,"column":8},"end":{"line":80,"column":45}},"14":{"start":{"line":82,"column":8},"end":{"line":82,"column":27}},"15":{"start":{"line":93,"column":8},"end":{"line":93,"column":2511}},"16":{"start":{"line":101,"column":8},"end":{"line":101,"column":65}},"17":{"start":{"line":104,"column":8},"end":{"line":104,"column":50}},"18":{"start":{"line":105,"column":8},"end":{"line":105,"column":48}},"19":{"start":{"line":106,"column":8},"end":{"line":106,"column":53}},"20":{"start":{"line":109,"column":8},"end":{"line":109,"column":51}},"21":{"start":{"line":110,"column":8},"end":{"line":110,"column":49}},"22":{"start":{"line":111,"column":8},"end":{"line":111,"column":30}},"23":{"start":{"line":113,"column":8},"end":{"line":113,"column":34}},"24":{"start":{"line":114,"column":8},"end":{"line":114,"column":55}},"25":{"start":{"line":115,"column":8},"end":{"line":115,"column":43}},"26":{"start":{"line":117,"column":8},"end":{"line":117,"column":23}},"27":{"start":{"line":123,"column":8},"end":{"line":123,"column":61}},"28":{"start":{"line":124,"column":8},"end":{"line":124,"column":27}},"29":{"start":{"line":128,"column":8},"end":{"line":128,"column":56}},"30":{"start":{"line":129,"column":8},"end":{"line":129,"column":23}},"31":{"start":{"line":144,"column":8},"end":{"line":144,"column":61}},"32":{"start":{"line":146,"column":8},"end":{"line":146,"column":39}},"33":{"start":{"line":148,"column":8},"end":{"line":148,"column":4175}},"34":{"start":{"line":151,"column":12},"end":{"line":151,"column":76}},"35":{"start":{"line":152,"column":12},"end":{"line":152,"column":47}},"36":{"start":{"line":153,"column":15},"end":{"line":153,"column":4418}},"37":{"start":{"line":154,"column":12},"end":{"line":154,"column":72}},"38":{"start":{"line":155,"column":12},"end":{"line":155,"column":79}},"39":{"start":{"line":158,"column":12},"end":{"line":158,"column":4725}},"40":{"start":{"line":160,"column":16},"end":{"line":160,"column":97}},"41":{"start":{"line":161,"column":16},"end":{"line":161,"column":51}},"42":{"start":{"line":162,"column":16},"end":{"line":162,"column":4992}},"43":{"start":{"line":165,"column":20},"end":{"line":165,"column":55}},"44":{"start":{"line":167,"column":19},"end":{"line":167,"column":5394}},"45":{"start":{"line":169,"column":16},"end":{"line":169,"column":51}},"46":{"start":{"line":170,"column":16},"end":{"line":170,"column":45}},"47":{"start":{"line":173,"column":16},"end":{"line":173,"column":5691}},"48":{"start":{"line":176,"column":16},"end":{"line":176,"column":51}},"49":{"start":{"line":181,"column":12},"end":{"line":181,"column":94}},"50":{"start":{"line":182,"column":12},"end":{"line":182,"column":47}},"51":{"start":{"line":186,"column":8},"end":{"line":186,"column":64}},"52":{"start":{"line":187,"column":8},"end":{"line":187,"column":64}},"53":{"start":{"line":188,"column":8},"end":{"line":188,"column":66}},"54":{"start":{"line":190,"column":8},"end":{"line":190,"column":96}},"55":{"start":{"line":205,"column":8},"end":{"line":205,"column":61}},"56":{"start":{"line":208,"column":8},"end":{"line":208,"column":57}},"57":{"start":{"line":209,"column":8},"end":{"line":209,"column":57}},"58":{"start":{"line":210,"column":8},"end":{"line":210,"column":68}},"59":{"start":{"line":212,"column":8},"end":{"line":212,"column":7114}},"60":{"start":{"line":214,"column":12},"end":{"line":214,"column":69}},"61":{"start":{"line":215,"column":12},"end":{"line":215,"column":47}},"62":{"start":{"line":216,"column":15},"end":{"line":216,"column":7317}},"63":{"start":{"line":218,"column":12},"end":{"line":218,"column":87}},"64":{"start":{"line":219,"column":12},"end":{"line":219,"column":47}},"65":{"start":{"line":220,"column":15},"end":{"line":220,"column":7544}},"66":{"start":{"line":221,"column":12},"end":{"line":221,"column":75}},"67":{"start":{"line":222,"column":12},"end":{"line":222,"column":76}},"68":{"start":{"line":225,"column":12},"end":{"line":225,"column":7836}},"69":{"start":{"line":227,"column":16},"end":{"line":227,"column":94}},"70":{"start":{"line":228,"column":16},"end":{"line":228,"column":51}},"71":{"start":{"line":229,"column":19},"end":{"line":229,"column":8102}},"72":{"start":{"line":231,"column":16},"end":{"line":231,"column":43}},"73":{"start":{"line":232,"column":16},"end":{"line":232,"column":45}},"74":{"start":{"line":235,"column":16},"end":{"line":235,"column":8394}},"75":{"start":{"line":238,"column":16},"end":{"line":238,"column":51}},"76":{"start":{"line":242,"column":8},"end":{"line":242,"column":90}}},"branchMap":{"1":{"line":39,"type":"if","locations":[{"start":{"line":39,"column":8},"end":{"line":39,"column":8}},{"start":{"line":39,"column":8},"end":{"line":39,"column":8}}]},"2":{"line":44,"type":"if","locations":[{"start":{"line":44,"column":8},"end":{"line":44,"column":8}},{"start":{"line":44,"column":8},"end":{"line":44,"column":8}}]},"3":{"line":66,"type":"if","locations":[{"start":{"line":66,"column":8},"end":{"line":66,"column":8}},{"start":{"line":66,"column":8},"end":{"line":66,"column":8}}]},"4":{"line":101,"type":"if","locations":[{"start":{"line":101,"column":8},"end":{"line":101,"column":8}},{"start":{"line":101,"column":8},"end":{"line":101,"column":8}}]},"5":{"line":148,"type":"if","locations":[{"start":{"line":148,"column":8},"end":{"line":148,"column":8}},{"start":{"line":148,"column":8},"end":{"line":148,"column":8}}]},"6":{"line":153,"type":"if","locations":[{"start":{"line":153,"column":15},"end":{"line":153,"column":15}},{"start":{"line":153,"column":15},"end":{"line":153,"column":15}}]},"7":{"line":158,"type":"if","locations":[{"start":{"line":158,"column":12},"end":{"line":158,"column":12}},{"start":{"line":158,"column":12},"end":{"line":158,"column":12}}]},"8":{"line":162,"type":"if","locations":[{"start":{"line":162,"column":16},"end":{"line":162,"column":16}},{"start":{"line":162,"column":16},"end":{"line":162,"column":16}}]},"9":{"line":167,"type":"if","locations":[{"start":{"line":167,"column":19},"end":{"line":167,"column":19}},{"start":{"line":167,"column":19},"end":{"line":167,"column":19}}]},"10":{"line":212,"type":"if","locations":[{"start":{"line":212,"column":8},"end":{"line":212,"column":8}},{"start":{"line":212,"column":8},"end":{"line":212,"column":8}}]},"11":{"line":216,"type":"if","locations":[{"start":{"line":216,"column":15},"end":{"line":216,"column":15}},{"start":{"line":216,"column":15},"end":{"line":216,"column":15}}]},"12":{"line":220,"type":"if","locations":[{"start":{"line":220,"column":15},"end":{"line":220,"column":15}},{"start":{"line":220,"column":15},"end":{"line":220,"column":15}}]},"13":{"line":225,"type":"if","locations":[{"start":{"line":225,"column":12},"end":{"line":225,"column":12}},{"start":{"line":225,"column":12},"end":{"line":225,"column":12}}]},"14":{"line":229,"type":"if","locations":[{"start":{"line":229,"column":19},"end":{"line":229,"column":19}},{"start":{"line":229,"column":19},"end":{"line":229,"column":19}}]}}},"contracts/lib/DODOMath.sol":{"l":{"38":44,"39":44,"40":44,"41":44,"42":44,"43":44,"69":28,"70":28,"71":28,"72":28,"73":2,"75":26,"77":28,"78":22,"79":22,"81":6,"82":6,"86":28,"90":28,"93":28,"94":28,"95":22,"97":6,"113":113,"114":113,"115":113,"117":113},"path":"/Users/leimingda/Documents/dodo/contracts/lib/DODOMath.sol","s":{"1":44,"2":44,"3":44,"4":44,"5":44,"6":44,"7":28,"8":28,"9":28,"10":28,"11":2,"12":26,"13":28,"14":22,"15":22,"16":6,"17":6,"18":28,"19":28,"20":28,"21":28,"22":22,"23":6,"24":113,"25":113,"26":113,"27":113},"b":{"1":[2,26],"2":[22,6],"3":[22,6]},"f":{"1":44,"2":28,"3":113},"fnMap":{"1":{"name":"_GeneralIntegrate","line":31,"loc":{"start":{"line":31,"column":4},"end":{"line":44,"column":4}}},"2":{"name":"_SolveQuadraticFunctionForTrade","line":60,"loc":{"start":{"line":60,"column":4},"end":{"line":99,"column":4}}},"3":{"name":"_SolveQuadraticFunctionForTarget","line":107,"loc":{"start":{"line":107,"column":4},"end":{"line":118,"column":4}}}},"statementMap":{"1":{"start":{"line":38,"column":8},"end":{"line":38,"column":34}},"2":{"start":{"line":39,"column":8},"end":{"line":39,"column":54}},"3":{"start":{"line":40,"column":8},"end":{"line":40,"column":50}},"4":{"start":{"line":41,"column":8},"end":{"line":41,"column":50}},"5":{"start":{"line":42,"column":8},"end":{"line":42,"column":73}},"6":{"start":{"line":43,"column":8},"end":{"line":43,"column":79}},"7":{"start":{"line":69,"column":8},"end":{"line":69,"column":63}},"8":{"start":{"line":70,"column":8},"end":{"line":70,"column":63}},"9":{"start":{"line":71,"column":8},"end":{"line":71,"column":29}},"10":{"start":{"line":72,"column":8},"end":{"line":72,"column":2179}},"11":{"start":{"line":73,"column":12},"end":{"line":73,"column":29}},"12":{"start":{"line":75,"column":12},"end":{"line":75,"column":39}},"13":{"start":{"line":77,"column":8},"end":{"line":77,"column":2350}},"14":{"start":{"line":78,"column":12},"end":{"line":78,"column":28}},"15":{"start":{"line":79,"column":12},"end":{"line":79,"column":27}},"16":{"start":{"line":81,"column":12},"end":{"line":81,"column":28}},"17":{"start":{"line":82,"column":12},"end":{"line":82,"column":28}},"18":{"start":{"line":86,"column":8},"end":{"line":86,"column":2555}},"19":{"start":{"line":90,"column":8},"end":{"line":90,"column":51}},"20":{"start":{"line":93,"column":8},"end":{"line":93,"column":59}},"21":{"start":{"line":94,"column":8},"end":{"line":94,"column":2885}},"22":{"start":{"line":95,"column":12},"end":{"line":95,"column":71}},"23":{"start":{"line":97,"column":12},"end":{"line":97,"column":71}},"24":{"start":{"line":113,"column":8},"end":{"line":113,"column":86}},"25":{"start":{"line":114,"column":8},"end":{"line":114,"column":67}},"26":{"start":{"line":115,"column":8},"end":{"line":115,"column":83}},"27":{"start":{"line":117,"column":8},"end":{"line":117,"column":64}}},"branchMap":{"1":{"line":72,"type":"if","locations":[{"start":{"line":72,"column":8},"end":{"line":72,"column":8}},{"start":{"line":72,"column":8},"end":{"line":72,"column":8}}]},"2":{"line":77,"type":"if","locations":[{"start":{"line":77,"column":8},"end":{"line":77,"column":8}},{"start":{"line":77,"column":8},"end":{"line":77,"column":8}}]},"3":{"line":94,"type":"if","locations":[{"start":{"line":94,"column":8},"end":{"line":94,"column":8}},{"start":{"line":94,"column":8},"end":{"line":94,"column":8}}]}}},"contracts/lib/SafeERC20.sol":{"l":{"33":184,"42":155,"65":339,"66":339,"68":339,"71":339},"path":"/Users/leimingda/Documents/dodo/contracts/lib/SafeERC20.sol","s":{"1":184,"2":155,"3":339,"4":339,"5":339,"6":339},"b":{"1":[339,0],"2":[339,0],"3":[339,0]},"f":{"1":184,"2":155,"3":339},"fnMap":{"1":{"name":"safeTransfer","line":28,"loc":{"start":{"line":28,"column":4},"end":{"line":34,"column":4}}},"2":{"name":"safeTransferFrom","line":36,"loc":{"start":{"line":36,"column":4},"end":{"line":46,"column":4}}},"3":{"name":"_callOptionalReturn","line":54,"loc":{"start":{"line":54,"column":4},"end":{"line":73,"column":4}}}},"statementMap":{"1":{"start":{"line":33,"column":8},"end":{"line":33,"column":93}},"2":{"start":{"line":42,"column":8},"end":{"line":42,"column":1162}},"3":{"start":{"line":65,"column":8},"end":{"line":65,"column":75}},"4":{"start":{"line":66,"column":8},"end":{"line":66,"column":59}},"5":{"start":{"line":68,"column":8},"end":{"line":68,"column":2470}},"6":{"start":{"line":71,"column":12},"end":{"line":71,"column":96}}},"branchMap":{"1":{"line":66,"type":"if","locations":[{"start":{"line":66,"column":8},"end":{"line":66,"column":8}},{"start":{"line":66,"column":8},"end":{"line":66,"column":8}}]},"2":{"line":68,"type":"if","locations":[{"start":{"line":68,"column":8},"end":{"line":68,"column":8}},{"start":{"line":68,"column":8},"end":{"line":68,"column":8}}]},"3":{"line":71,"type":"if","locations":[{"start":{"line":71,"column":12},"end":{"line":71,"column":12}},{"start":{"line":71,"column":12},"end":{"line":71,"column":12}}]}}}}